<?xml version="1.0" encoding="UTF-8"?>
<!-- Generated by org.testng.reporters.JUnitXMLReporter -->
<testsuite ignored="15" hostname="softprime-Latitude-7480" failures="0" tests="1" name="Default test" time="2.902" errors="0" timestamp="2026-03-25T18:54:40 IST">
  <testcase classname="com.electricity.tests.BillingTest" name="TC_BILL_003_GenerateBill_oldreading_0_to_100" time="2.824"/>
  <testcase classname="com.electricity.tests.BillingTest" name="TC_BILL_005_GenerateBillMissingHouseId" time="0.0">
    <ignored/>
  </testcase> <!-- TC_BILL_005_GenerateBillMissingHouseId -->
  <testcase classname="com.electricity.tests.BillingTest" name="TC_BILL_008_DownloadBillValid" time="0.0">
    <ignored/>
  </testcase> <!-- TC_BILL_008_DownloadBillValid -->
  <testcase classname="com.electricity.tests.BillingTest" name="TC_BILL_007_generateBillsamereading" time="0.0">
    <ignored/>
  </testcase> <!-- TC_BILL_007_generateBillsamereading -->
  <testcase classname="com.electricity.tests.BillingTest" name="TC_BILL_001_GenerateBillvalid" time="0.0">
    <ignored/>
  </testcase> <!-- TC_BILL_001_GenerateBillvalid -->
  <testcase classname="com.electricity.tests.BillingTest" name="TC_BILL_009_generateBillmissingnewreading" time="0.0">
    <ignored/>
  </testcase> <!-- TC_BILL_009_generateBillmissingnewreading -->
  <testcase classname="com.electricity.tests.BillingTest" name="TC_BILL_001_GenerateBillZeroRate" time="0.0">
    <ignored/>
  </testcase> <!-- TC_BILL_001_GenerateBillZeroRate -->
  <testcase classname="com.electricity.tests.BillingTest" name="TC_BILL_002_GenerateBillLessthanoldReading" time="0.0">
    <ignored/>
  </testcase> <!-- TC_BILL_002_GenerateBillLessthanoldReading -->
  <testcase classname="com.electricity.tests.BillingTest" name="TC_BILL_008_MissingRate" time="0.0">
    <ignored/>
  </testcase> <!-- TC_BILL_008_MissingRate -->
  <testcase classname="com.electricity.tests.BillingTest" name="TC_BILL_010_missingEmployeeId" time="0.0">
    <ignored/>
  </testcase> <!-- TC_BILL_010_missingEmployeeId -->
  <testcase classname="com.electricity.tests.BillingTest" name="TC_BILL_004_GenerateBillZeroRateValidReadings" time="0.0">
    <ignored/>
  </testcase> <!-- TC_BILL_004_GenerateBillZeroRateValidReadings -->
  <testcase classname="com.electricity.tests.BillingTest" name="TC_BILL_01_invalidApiKey" time="0.0">
    <ignored/>
  </testcase> <!-- TC_BILL_01_invalidApiKey -->
  <testcase classname="com.electricity.tests.BillingTest" name="TC_BILL_009_DownloadBillInvalid" time="0.0">
    <ignored/>
  </testcase> <!-- TC_BILL_009_DownloadBillInvalid -->
  <testcase classname="com.electricity.tests.BillingTest" name="TC_BILL_003_GenerateBillNegativeUnits" time="0.0">
    <ignored/>
  </testcase> <!-- TC_BILL_003_GenerateBillNegativeUnits -->
  <testcase classname="com.electricity.tests.BillingTest" name="generateBillalready" time="0.0">
    <ignored/>
  </testcase> <!-- generateBillalready -->
  <testcase classname="com.electricity.tests.BillingTest" name="TC_BILL_006_GenerateBillMissingDate" time="0.0">
    <ignored/>
  </testcase> <!-- TC_BILL_006_GenerateBillMissingDate -->
</testsuite> <!-- Default test -->
