<?xml version="1.0" encoding="UTF-8"?>
<!-- Generated by org.testng.reporters.JUnitReportReporter -->
<testsuite hostname="softprime-Latitude-7480" failures="0" tests="19" name="com.electricity.tests.CollectorTest" time="7.411" errors="0" timestamp="2026-03-26T16:46:50 IST" skipped="0">
  <testcase classname="com.electricity.tests.CollectorTest" name="TC_CUST_001_GetAllCustomers" time="0.522"/>
  <testcase classname="com.electricity.tests.CollectorTest" name="TC_CUST_002_FilterByZone" time="0.492"/>
  <testcase classname="com.electricity.tests.CollectorTest" name="TC_CUST_003_FilterBySubZone" time="0.442"/>
  <testcase classname="com.electricity.tests.CollectorTest" name="TC_CUST_004_SearchByName" time="0.305"/>
  <testcase classname="com.electricity.tests.CollectorTest" name="TC_CUST_005_SearchByMobile" time="0.358"/>
  <testcase classname="com.electricity.tests.CollectorTest" name="TC_CUST_006_SearchBySupplyNumber" time="0.345"/>
  <testcase classname="com.electricity.tests.CollectorTest" name="TC_CUST_007_NoSubZones" time="0.400"/>
  <testcase classname="com.electricity.tests.CollectorTest" name="TC_CUST_008_UnauthorizedSubZone" time="0.320"/>
  <testcase classname="com.electricity.tests.CollectorTest" name="TC_CUST_009_InvalidZoneId" time="0.431"/>
  <testcase classname="com.electricity.tests.CollectorTest" name="TC_CUST_010_LargeDatasetPagination" time="0.482"/>
  <testcase classname="com.electricity.tests.CollectorTest" name="TC_CUST_011_SearchCustomersValid" time="0.498"/>
  <testcase classname="com.electricity.tests.CollectorTest" name="TC_CUST_012_SearchCustomersWithZone" time="0.404"/>
  <testcase classname="com.electricity.tests.CollectorTest" name="TC_CUST_013_SearchBySupplyNumber" time="0.377"/>
  <testcase classname="com.electricity.tests.CollectorTest" name="TC_CUST_014_SearchByPartnerName" time="0.336"/>
  <testcase classname="com.electricity.tests.CollectorTest" name="TC_CUST_015_SearchByMobile" time="0.329"/>
  <testcase classname="com.electricity.tests.CollectorTest" name="TC_CUST_016_SearchByCustomerType" time="0.405"/>
  <testcase classname="com.electricity.tests.CollectorTest" name="TC_CUST_017_CombinedSearch" time="0.323"/>
  <testcase classname="com.electricity.tests.CollectorTest" name="TC_CUST_018_NoResults" time="0.349"/>
  <testcase classname="com.electricity.tests.CollectorTest" name="TC_CUST_019_MissingRequestBody" time="0.293"/>
</testsuite> <!-- com.electricity.tests.CollectorTest -->
