<?xml version="1.0" encoding="UTF-8"?>
<!-- Generated by org.testng.reporters.JUnitReportReporter -->
<testsuite hostname="softprime-Latitude-7480" failures="0" tests="8" name="com.electricity.tests.MeterReadingTest" time="2.676" errors="0" timestamp="2026-03-26T16:46:50 IST" skipped="0">
  <testcase classname="com.electricity.tests.MeterReadingTest" name="TC_METER_001_ValidReading" time="0.317"/>
  <testcase classname="com.electricity.tests.MeterReadingTest" name="TC_METER_002_ReadingLowerThanPrevious" time="0.324"/>
  <testcase classname="com.electricity.tests.MeterReadingTest" name="TC_METER_003_SameReadingAsPrevious" time="0.350"/>
  <testcase classname="com.electricity.tests.MeterReadingTest" name="TC_METER_004_MissingHouseId" time="0.304"/>
  <testcase classname="com.electricity.tests.MeterReadingTest" name="TC_METER_005_MissingNewReading" time="0.333"/>
  <testcase classname="com.electricity.tests.MeterReadingTest" name="TC_METER_006_InvalidHouseId" time="0.401"/>
  <testcase classname="com.electricity.tests.MeterReadingTest" name="TC_METER_007_InactiveHouse" time="0.316"/>
  <testcase classname="com.electricity.tests.MeterReadingTest" name="TC_METER_008_ReadingWithTotalAmount" time="0.331"/>
</testsuite> <!-- com.electricity.tests.MeterReadingTest -->
