<?xml version="1.0" encoding="UTF-8"?>
<!-- Generated by org.testng.reporters.JUnitReportReporter -->
<testsuite hostname="softprime-Latitude-7480" failures="0" tests="15" name="com.electricity.tests.AuthTest" time="8.462" errors="0" timestamp="2026-03-26T16:46:50 IST" skipped="0">
  <testcase classname="com.electricity.tests.AuthTest" name="TC_AUTH_001_ValidLogin" time="3.190"/>
  <testcase classname="com.electricity.tests.AuthTest" name="TC_AUTH_002_MissingMobile" time="0.335"/>
  <testcase classname="com.electricity.tests.AuthTest" name="TC_AUTH_003_MissingPassword" time="0.330"/>
  <testcase classname="com.electricity.tests.AuthTest" name="TC_AUTH_004_WrongPassword" time="0.344"/>
  <testcase classname="com.electricity.tests.AuthTest" name="TC_AUTH_005_InvalidMobile" time="0.407"/>
  <testcase classname="com.electricity.tests.AuthTest" name="TC_AUTH_006_EmptyBody" time="0.485"/>
  <testcase classname="com.electricity.tests.AuthTest" name="TC_AUTH_007_InvalidJson" time="0.360"/>
  <testcase classname="com.electricity.tests.AuthTest" name="TC_AUTH_008_NonCollectorEmployee" time="0.338"/>
  <testcase classname="com.electricity.tests.AuthTest" name="TC_AUTH_009_ValidChangePassword" time="0.537"/>
  <testcase classname="com.electricity.tests.AuthTest" name="TC_AUTH_010_WrongOldPassword" time="0.399"/>
  <testcase classname="com.electricity.tests.AuthTest" name="TC_AUTH_011_ShortNewPassword" time="0.324"/>
  <testcase classname="com.electricity.tests.AuthTest" name="TC_AUTH_012_MissingOldPassword" time="0.356"/>
  <testcase classname="com.electricity.tests.AuthTest" name="TC_AUTH_013_MissingNewPassword" time="0.349"/>
  <testcase classname="com.electricity.tests.AuthTest" name="TC_AUTH_014_EmptyOldPassword" time="0.373"/>
  <testcase classname="com.electricity.tests.AuthTest" name="TC_AUTH_015_EmptyNewPassword" time="0.335"/>
</testsuite> <!-- com.electricity.tests.AuthTest -->
