<?xml version="1.0" encoding="UTF-8"?>
<!-- Generated by org.testng.reporters.JUnitReportReporter -->
<testsuite hostname="softprime-Latitude-7480" failures="0" tests="10" name="com.electricity.tests.DiscountTest" time="3.129" errors="0" timestamp="2026-03-26T16:46:50 IST" skipped="0">
  <testcase classname="com.electricity.tests.DiscountTest" name="TC_DISC_001_GetDiscountReasons" time="0.311"/>
  <testcase classname="com.electricity.tests.DiscountTest" name="TC_DISC_002_GetDiscountReasonsWithReason" time="0.331"/>
  <testcase classname="com.electricity.tests.DiscountTest" name="TC_DISC_003_GetDiscountReasonsWithActive" time="0.302"/>
  <testcase classname="com.electricity.tests.DiscountTest" name="TC_DISC_004_GetDiscountReasonsWithComapnyId" time="0.293"/>
  <testcase classname="com.electricity.tests.DiscountTest" name="TC_DISC_005_GetDiscountReasonsWithLimitAndOffset" time="0.312"/>
  <testcase classname="com.electricity.tests.DiscountTest" name="TC_DISC_006_GetDiscountApproversWithvalidAmount" time="0.304"/>
  <testcase classname="com.electricity.tests.DiscountTest" name="TC_DISC_007_GetDiscountApproversWithInvalidAmount" time="0.299"/>
  <testcase classname="com.electricity.tests.DiscountTest" name="TC_DISC_008_GetDiscountApproversZeroDiscount" time="0.296"/>
  <testcase classname="com.electricity.tests.DiscountTest" name="TC_DISC_009_GetDiscountApproversNegativeDiscount" time="0.345"/>
  <testcase classname="com.electricity.tests.DiscountTest" name="TC_DISC_010_GetDiscountApproversOnlyEmployeeId" time="0.336"/>
</testsuite> <!-- com.electricity.tests.DiscountTest -->
