<?xml version="1.0" encoding="UTF-8"?>
<!-- Generated by org.testng.reporters.JUnitXMLReporter -->
<testsuite ignored="0" hostname="softprime-Latitude-7480" failures="0" tests="15" name="1. Authentication Tests" time="8.609" errors="0" timestamp="2026-03-26T16:46:12 IST">
  <testcase classname="com.electricity.tests.AuthTest" name="TC_AUTH_001_ValidLogin" time="3.188"/>
  <testcase classname="com.electricity.tests.AuthTest" name="TC_AUTH_002_MissingMobile" time="0.333"/>
  <testcase classname="com.electricity.tests.AuthTest" name="TC_AUTH_003_MissingPassword" time="0.329"/>
  <testcase classname="com.electricity.tests.AuthTest" name="TC_AUTH_004_WrongPassword" time="0.342"/>
  <testcase classname="com.electricity.tests.AuthTest" name="TC_AUTH_005_InvalidMobile" time="0.404"/>
  <testcase classname="com.electricity.tests.AuthTest" name="TC_AUTH_006_EmptyBody" time="0.474"/>
  <testcase classname="com.electricity.tests.AuthTest" name="TC_AUTH_007_InvalidJson" time="0.358"/>
  <testcase classname="com.electricity.tests.AuthTest" name="TC_AUTH_008_NonCollectorEmployee" time="0.335"/>
  <testcase classname="com.electricity.tests.AuthTest" name="TC_AUTH_009_ValidChangePassword" time="0.536"/>
  <testcase classname="com.electricity.tests.AuthTest" name="TC_AUTH_010_WrongOldPassword" time="0.397"/>
  <testcase classname="com.electricity.tests.AuthTest" name="TC_AUTH_011_ShortNewPassword" time="0.321"/>
  <testcase classname="com.electricity.tests.AuthTest" name="TC_AUTH_012_MissingOldPassword" time="0.353"/>
  <testcase classname="com.electricity.tests.AuthTest" name="TC_AUTH_013_MissingNewPassword" time="0.34"/>
  <testcase classname="com.electricity.tests.AuthTest" name="TC_AUTH_014_EmptyOldPassword" time="0.366"/>
  <testcase classname="com.electricity.tests.AuthTest" name="TC_AUTH_015_EmptyNewPassword" time="0.332"/>
</testsuite> <!-- 1. Authentication Tests -->
