<?xml version="1.0" encoding="UTF-8"?>
<!-- Generated by org.testng.reporters.JUnitXMLReporter -->
<testsuite ignored="0" hostname="softprime-Latitude-7480" failures="0" tests="19" name="2. Collector Tests" time="7.497" errors="0" timestamp="2026-03-26T16:46:19 IST">
  <testcase classname="com.electricity.tests.CollectorTest" name="TC_CUST_001_GetAllCustomers" time="0.52"/>
  <testcase classname="com.electricity.tests.CollectorTest" name="TC_CUST_002_FilterByZone" time="0.49"/>
  <testcase classname="com.electricity.tests.CollectorTest" name="TC_CUST_003_FilterBySubZone" time="0.441"/>
  <testcase classname="com.electricity.tests.CollectorTest" name="TC_CUST_004_SearchByName" time="0.303"/>
  <testcase classname="com.electricity.tests.CollectorTest" name="TC_CUST_005_SearchByMobile" time="0.354"/>
  <testcase classname="com.electricity.tests.CollectorTest" name="TC_CUST_006_SearchBySupplyNumber" time="0.343"/>
  <testcase classname="com.electricity.tests.CollectorTest" name="TC_CUST_007_NoSubZones" time="0.398"/>
  <testcase classname="com.electricity.tests.CollectorTest" name="TC_CUST_008_UnauthorizedSubZone" time="0.318"/>
  <testcase classname="com.electricity.tests.CollectorTest" name="TC_CUST_009_InvalidZoneId" time="0.429"/>
  <testcase classname="com.electricity.tests.CollectorTest" name="TC_CUST_010_LargeDatasetPagination" time="0.479"/>
  <testcase classname="com.electricity.tests.CollectorTest" name="TC_CUST_011_SearchCustomersValid" time="0.497"/>
  <testcase classname="com.electricity.tests.CollectorTest" name="TC_CUST_012_SearchCustomersWithZone" time="0.4"/>
  <testcase classname="com.electricity.tests.CollectorTest" name="TC_CUST_013_SearchBySupplyNumber" time="0.375"/>
  <testcase classname="com.electricity.tests.CollectorTest" name="TC_CUST_014_SearchByPartnerName" time="0.332"/>
  <testcase classname="com.electricity.tests.CollectorTest" name="TC_CUST_015_SearchByMobile" time="0.327"/>
  <testcase classname="com.electricity.tests.CollectorTest" name="TC_CUST_016_SearchByCustomerType" time="0.403"/>
  <testcase classname="com.electricity.tests.CollectorTest" name="TC_CUST_017_CombinedSearch" time="0.321"/>
  <testcase classname="com.electricity.tests.CollectorTest" name="TC_CUST_018_NoResults" time="0.346"/>
  <testcase classname="com.electricity.tests.CollectorTest" name="TC_CUST_019_MissingRequestBody" time="0.291"/>
</testsuite> <!-- 2. Collector Tests -->
