<?xml version="1.0" encoding="UTF-8"?>
<!-- Generated by org.testng.reporters.JUnitXMLReporter -->
<testsuite ignored="0" hostname="softprime-Latitude-7480" failures="0" tests="8" name="3. Meter Reading Tests" time="2.727" errors="0" timestamp="2026-03-26T16:46:22 IST">
  <testcase classname="com.electricity.tests.MeterReadingTest" name="TC_METER_001_ValidReading" time="0.315"/>
  <testcase classname="com.electricity.tests.MeterReadingTest" name="TC_METER_002_ReadingLowerThanPrevious" time="0.323"/>
  <testcase classname="com.electricity.tests.MeterReadingTest" name="TC_METER_003_SameReadingAsPrevious" time="0.349"/>
  <testcase classname="com.electricity.tests.MeterReadingTest" name="TC_METER_004_MissingHouseId" time="0.304"/>
  <testcase classname="com.electricity.tests.MeterReadingTest" name="TC_METER_005_MissingNewReading" time="0.331"/>
  <testcase classname="com.electricity.tests.MeterReadingTest" name="TC_METER_006_InvalidHouseId" time="0.397"/>
  <testcase classname="com.electricity.tests.MeterReadingTest" name="TC_METER_007_InactiveHouse" time="0.314"/>
  <testcase classname="com.electricity.tests.MeterReadingTest" name="TC_METER_008_ReadingWithTotalAmount" time="0.329"/>
</testsuite> <!-- 3. Meter Reading Tests -->
