<?xml version="1.0" encoding="UTF-8"?>
<!-- Generated by org.testng.reporters.JUnitXMLReporter -->
<testsuite ignored="0" hostname="softprime-Latitude-7480" failures="1" tests="16" name="4. Billing Tests" time="9.613" errors="0" timestamp="2026-03-26T16:46:32 IST">
  <testcase classname="com.electricity.tests.BillingTest" name="TC_BILL_001_GenerateBillZeroRate" time="0.371"/>
  <testcase classname="com.electricity.tests.BillingTest" name="TC_BILL_001_GenerateBillvalid" time="0.338">
    <failure type="java.lang.AssertionError" message="❌ Status code mismatch! Expected: 200, Got: 422 expected [200] but found [422]">
      <![CDATA[java.lang.AssertionError: ❌ Status code mismatch! Expected: 200, Got: 422 expected [200] but found [422]
at org.testng.Assert.fail(Assert.java:111)
at org.testng.Assert.failNotEquals(Assert.java:1578)
at org.testng.Assert.assertEqualsImpl(Assert.java:150)
at org.testng.Assert.assertEquals(Assert.java:132)
at org.testng.Assert.assertEquals(Assert.java:1419)
at org.testng.Assert.assertEquals(Assert.java:1383)
at com.electricity.utils.ResponseValidator.assertStatusCode(ResponseValidator.java:17)
at com.electricity.tests.BillingTest.TC_BILL_001_GenerateBillvalid(BillingTest.java:60)
at java.base/jdk.internal.reflect.DirectMethodHandleAccessor.invoke(DirectMethodHandleAccessor.java:103)
at java.base/java.lang.reflect.Method.invoke(Method.java:580)
at org.testng.internal.invokers.MethodInvocationHelper.invokeMethod(MethodInvocationHelper.java:139)
at org.testng.internal.invokers.TestInvoker.invokeMethod(TestInvoker.java:664)
at org.testng.internal.invokers.TestInvoker.invokeTestMethod(TestInvoker.java:228)
at org.testng.internal.invokers.MethodRunner.runInSequence(MethodRunner.java:63)
at org.testng.internal.invokers.TestInvoker$MethodInvocationAgent.invoke(TestInvoker.java:961)
at org.testng.internal.invokers.TestInvoker.invokeTestMethods(TestInvoker.java:201)
at org.testng.internal.invokers.TestMethodWorker.invokeTestMethods(TestMethodWorker.java:148)
at org.testng.internal.invokers.TestMethodWorker.run(TestMethodWorker.java:128)
at java.base/java.util.ArrayList.forEach(ArrayList.java:1596)
at org.testng.TestRunner.privateRun(TestRunner.java:819)
at org.testng.TestRunner.run(TestRunner.java:619)
at org.testng.SuiteRunner.runTest(SuiteRunner.java:443)
at org.testng.SuiteRunner.runSequentially(SuiteRunner.java:437)
at org.testng.SuiteRunner.privateRun(SuiteRunner.java:397)
at org.testng.SuiteRunner.run(SuiteRunner.java:336)
at org.testng.SuiteRunnerWorker.runSuite(SuiteRunnerWorker.java:52)
at org.testng.SuiteRunnerWorker.run(SuiteRunnerWorker.java:95)
at org.testng.TestNG.runSuitesSequentially(TestNG.java:1301)
at org.testng.TestNG.runSuitesLocally(TestNG.java:1228)
at org.testng.TestNG.runSuites(TestNG.java:1134)
at org.testng.TestNG.run(TestNG.java:1101)
at org.testng.remote.AbstractRemoteTestNG.run(AbstractRemoteTestNG.java:115)
at org.testng.remote.RemoteTestNG.initAndRun(RemoteTestNG.java:293)
at org.testng.remote.RemoteTestNG.main(RemoteTestNG.java:91)
]]>
    </failure>
  </testcase> <!-- TC_BILL_001_GenerateBillvalid -->
  <testcase classname="com.electricity.tests.BillingTest" name="TC_BILL_002_GenerateBillLessthanoldReading" time="0.298"/>
  <testcase classname="com.electricity.tests.BillingTest" name="generateBillalready" time="0.347"/>
  <testcase classname="com.electricity.tests.BillingTest" name="TC_BILL_003_GenerateBillNegativeUnits" time="0.41"/>
  <testcase classname="com.electricity.tests.BillingTest" name="TC_BILL_003_GenerateBill_oldreading_0_to_100" time="0.66"/>
  <testcase classname="com.electricity.tests.BillingTest" name="TC_BILL_004_GenerateBillZeroRateValidReadings" time="0.288"/>
  <testcase classname="com.electricity.tests.BillingTest" name="TC_BILL_005_GenerateBillMissingHouseId" time="0.398"/>
  <testcase classname="com.electricity.tests.BillingTest" name="TC_BILL_006_GenerateBillMissingDate" time="0.446"/>
  <testcase classname="com.electricity.tests.BillingTest" name="TC_BILL_007_generateBillsamereading" time="0.314"/>
  <testcase classname="com.electricity.tests.BillingTest" name="TC_BILL_008_DownloadBillValid" time="3.065"/>
  <testcase classname="com.electricity.tests.BillingTest" name="TC_BILL_008_MissingRate" time="0.285"/>
  <testcase classname="com.electricity.tests.BillingTest" name="TC_BILL_009_DownloadBillInvalid" time="0.429"/>
  <testcase classname="com.electricity.tests.BillingTest" name="TC_BILL_009_generateBillmissingnewreading" time="0.803"/>
  <testcase classname="com.electricity.tests.BillingTest" name="TC_BILL_010_missingEmployeeId" time="0.7"/>
  <testcase classname="com.electricity.tests.BillingTest" name="TC_BILL_01_invalidApiKey" time="0.341"/>
</testsuite> <!-- 4. Billing Tests -->
