<?xml version="1.0" encoding="UTF-8"?>
<testng-results ignored="0" total="109" passed="98" failed="11" skipped="0">
  <reporter-output>
  </reporter-output>
  <suite started-at="2026-03-26T16:46:03 IST" name="Electricity Meter Billing — Full API Suite" finished-at="2026-03-26T16:46:49 IST" duration-ms="46367">
    <groups>
      <group name="Payment">
        <method signature="PaymentTest.TC_PAY_001_ValidPaymentNoDiscount()[pri:1, instance:com.electricity.tests.PaymentTest@6150c3ec]" name="TC_PAY_001_ValidPaymentNoDiscount" class="com.electricity.tests.PaymentTest"/>
        <method signature="PaymentTest.TC_PAY_002_PaymentWithDiscount()[pri:2, instance:com.electricity.tests.PaymentTest@6150c3ec]" name="TC_PAY_002_PaymentWithDiscount" class="com.electricity.tests.PaymentTest"/>
        <method signature="PaymentTest.TC_PAY_003_PaymentZeroAmount()[pri:3, instance:com.electricity.tests.PaymentTest@6150c3ec]" name="TC_PAY_003_PaymentZeroAmount" class="com.electricity.tests.PaymentTest"/>
        <method signature="PaymentTest.TC_PAY_004_PaymentNegativeAmount()[pri:4, instance:com.electricity.tests.PaymentTest@6150c3ec]" name="TC_PAY_004_PaymentNegativeAmount" class="com.electricity.tests.PaymentTest"/>
        <method signature="PaymentTest.TC_PAY_005_PaymentMissingHouseId()[pri:5, instance:com.electricity.tests.PaymentTest@6150c3ec]" name="TC_PAY_005_PaymentMissingHouseId" class="com.electricity.tests.PaymentTest"/>
        <method signature="PaymentTest.TC_PAY_006_PaymentMissingDate()[pri:6, instance:com.electricity.tests.PaymentTest@6150c3ec]" name="TC_PAY_006_PaymentMissingDate" class="com.electricity.tests.PaymentTest"/>
        <method signature="PaymentTest.TC_PAY_007_FullPaymentWithAllDiscountFields()[pri:7, instance:com.electricity.tests.PaymentTest@6150c3ec]" name="TC_PAY_007_FullPaymentWithAllDiscountFields" class="com.electricity.tests.PaymentTest"/>
        <method signature="PaymentTest._Payment_overdiscount_5_1_4()[pri:7, instance:com.electricity.tests.PaymentTest@6150c3ec]" name="_Payment_overdiscount_5_1_4" class="com.electricity.tests.PaymentTest"/>
        <method signature="PaymentTest.TC_PAY_008_ValidCollectionSummary()[pri:8, instance:com.electricity.tests.PaymentTest@6150c3ec]" name="TC_PAY_008_ValidCollectionSummary" class="com.electricity.tests.PaymentTest"/>
        <method signature="PaymentTest._Payment_without_reason_5_1_4()[pri:8, instance:com.electricity.tests.PaymentTest@6150c3ec]" name="_Payment_without_reason_5_1_4" class="com.electricity.tests.PaymentTest"/>
        <method signature="PaymentTest.TC_PAY_009_CollectionSummaryMissingDate()[pri:9, instance:com.electricity.tests.PaymentTest@6150c3ec]" name="TC_PAY_009_CollectionSummaryMissingDate" class="com.electricity.tests.PaymentTest"/>
        <method signature="PaymentTest._Paymentlimiexceed()[pri:9, instance:com.electricity.tests.PaymentTest@6150c3ec]" name="_Paymentlimiexceed" class="com.electricity.tests.PaymentTest"/>
        <method signature="PaymentTest.TC_PAY_010_CollectionSummaryInvalidDate()[pri:10, instance:com.electricity.tests.PaymentTest@6150c3ec]" name="TC_PAY_010_CollectionSummaryInvalidDate" class="com.electricity.tests.PaymentTest"/>
        <method signature="PaymentTest._Payment_NOT_AUTHORIZED_5_1_6()[pri:10, instance:com.electricity.tests.PaymentTest@6150c3ec]" name="_Payment_NOT_AUTHORIZED_5_1_6" class="com.electricity.tests.PaymentTest"/>
        <method signature="PaymentTest.TC_PAY_5_3_1_waitingPayement()[pri:11, instance:com.electricity.tests.PaymentTest@6150c3ec]" name="TC_PAY_5_3_1_waitingPayement" class="com.electricity.tests.PaymentTest"/>
        <method signature="PaymentTest.nonDsount_5_1_8()[pri:11, instance:com.electricity.tests.PaymentTest@6150c3ec]" name="nonDsount_5_1_8" class="com.electricity.tests.PaymentTest"/>
        <method signature="PaymentTest.TC_PAY_5_3_2_waitingPayementWithEmployeeId()[pri:12, instance:com.electricity.tests.PaymentTest@6150c3ec]" name="TC_PAY_5_3_2_waitingPayementWithEmployeeId" class="com.electricity.tests.PaymentTest"/>
        <method signature="PaymentTest.unpaidInvoices_5_1_8_()[pri:12, instance:com.electricity.tests.PaymentTest@6150c3ec]" name="unpaidInvoices_5_1_8_" class="com.electricity.tests.PaymentTest"/>
        <method signature="PaymentTest.TC_PAY_5_3_3_waitingPayementWithDate()[pri:13, instance:com.electricity.tests.PaymentTest@6150c3ec]" name="TC_PAY_5_3_3_waitingPayementWithDate" class="com.electricity.tests.PaymentTest"/>
        <method signature="PaymentTest.overpayment_5_1_9_()[pri:13, instance:com.electricity.tests.PaymentTest@6150c3ec]" name="overpayment_5_1_9_" class="com.electricity.tests.PaymentTest"/>
        <method signature="PaymentTest.TC_PAY_5_3_4_waitingPayementWithApprover()[pri:14, instance:com.electricity.tests.PaymentTest@6150c3ec]" name="TC_PAY_5_3_4_waitingPayementWithApprover" class="com.electricity.tests.PaymentTest"/>
        <method signature="PaymentTest.TC_PAY_5_3_5_waitingPayementWithNonApprover()[pri:15, instance:com.electricity.tests.PaymentTest@6150c3ec]" name="TC_PAY_5_3_5_waitingPayementWithNonApprover" class="com.electricity.tests.PaymentTest"/>
        <method signature="PaymentTest.TC_PAY_5_3_6_waitingPayementWithLimitorOffset()[pri:16, instance:com.electricity.tests.PaymentTest@6150c3ec]" name="TC_PAY_5_3_6_waitingPayementWithLimitorOffset" class="com.electricity.tests.PaymentTest"/>
        <method signature="PaymentTest.TC_PAY_5_4_1_approvedPaymentwithoutFilter()[pri:17, instance:com.electricity.tests.PaymentTest@6150c3ec]" name="TC_PAY_5_4_1_approvedPaymentwithoutFilter" class="com.electricity.tests.PaymentTest"/>
        <method signature="PaymentTest.TC_PAY_5_4_2_approvedPaymentemployeeId()[pri:18, instance:com.electricity.tests.PaymentTest@6150c3ec]" name="TC_PAY_5_4_2_approvedPaymentemployeeId" class="com.electricity.tests.PaymentTest"/>
        <method signature="PaymentTest.TC_PAY_5_4_3_approvedPaymenWithZoneId()[pri:19, instance:com.electricity.tests.PaymentTest@6150c3ec]" name="TC_PAY_5_4_3_approvedPaymenWithZoneId" class="com.electricity.tests.PaymentTest"/>
        <method signature="PaymentTest.TC_PAY_5_5_1_rejectPayment()[pri:20, instance:com.electricity.tests.PaymentTest@6150c3ec]" name="TC_PAY_5_5_1_rejectPayment" class="com.electricity.tests.PaymentTest"/>
        <method signature="PaymentTest.TC_PAY_5_5_2_rejectPaymentEmployee()[pri:20, instance:com.electricity.tests.PaymentTest@6150c3ec]" name="TC_PAY_5_5_2_rejectPaymentEmployee" class="com.electricity.tests.PaymentTest"/>
        <method signature="PaymentTest.TC_PAY_5_5_3_rejectPaymentZoneId()[pri:21, instance:com.electricity.tests.PaymentTest@6150c3ec]" name="TC_PAY_5_5_3_rejectPaymentZoneId" class="com.electricity.tests.PaymentTest"/>
        <method signature="PaymentTest.TC_PAY_5_6_1_approvePayment()[pri:22, instance:com.electricity.tests.PaymentTest@6150c3ec]" name="TC_PAY_5_6_1_approvePayment" class="com.electricity.tests.PaymentTest"/>
        <method signature="PaymentTest.TC_PAY_5_6_2_approvePaymentwithNonApprove()[pri:23, instance:com.electricity.tests.PaymentTest@6150c3ec]" name="TC_PAY_5_6_2_approvePaymentwithNonApprove" class="com.electricity.tests.PaymentTest"/>
        <method signature="PaymentTest.TC_PAY_5_6_3_approvePaymentwithNonAssign()[pri:24, instance:com.electricity.tests.PaymentTest@6150c3ec]" name="TC_PAY_5_6_3_approvePaymentwithNonAssign" class="com.electricity.tests.PaymentTest"/>
        <method signature="PaymentTest.TC_PAY_5_6_4_approvePaymentwithallready()[pri:25, instance:com.electricity.tests.PaymentTest@6150c3ec]" name="TC_PAY_5_6_4_approvePaymentwithallready" class="com.electricity.tests.PaymentTest"/>
        <method signature="PaymentTest.TC_PAY_5_6_5_approvePaymentwithInvalidPaymentId()[pri:26, instance:com.electricity.tests.PaymentTest@6150c3ec]" name="TC_PAY_5_6_5_approvePaymentwithInvalidPaymentId" class="com.electricity.tests.PaymentTest"/>
        <method signature="PaymentTest.TC_PAY_5_7_1_rejectPaymentvalid()[pri:27, instance:com.electricity.tests.PaymentTest@6150c3ec]" name="TC_PAY_5_7_1_rejectPaymentvalid" class="com.electricity.tests.PaymentTest"/>
        <method signature="PaymentTest.TC_PAY_5_7_2_rejectPaymentNonApprover()[pri:28, instance:com.electricity.tests.PaymentTest@6150c3ec]" name="TC_PAY_5_7_2_rejectPaymentNonApprover" class="com.electricity.tests.PaymentTest"/>
        <method signature="PaymentTest.TC_PAY_5_7_3_rejectPaymentNonassign()[pri:29, instance:com.electricity.tests.PaymentTest@6150c3ec]" name="TC_PAY_5_7_3_rejectPaymentNonassign" class="com.electricity.tests.PaymentTest"/>
        <method signature="PaymentTest.TC_PAY_5_7_4_rejectPaymentAllready()[pri:29, instance:com.electricity.tests.PaymentTest@6150c3ec]" name="TC_PAY_5_7_4_rejectPaymentAllready" class="com.electricity.tests.PaymentTest"/>
        <method signature="PaymentTest.TC_PAY_5_8_1_postPaymentvalid()[pri:30, instance:com.electricity.tests.PaymentTest@6150c3ec]" name="TC_PAY_5_8_1_postPaymentvalid" class="com.electricity.tests.PaymentTest"/>
        <method signature="PaymentTest.TC_PAY_5_8_2_postPaymentallready()[pri:31, instance:com.electricity.tests.PaymentTest@6150c3ec]" name="TC_PAY_5_8_2_postPaymentallready" class="com.electricity.tests.PaymentTest"/>
        <method signature="PaymentTest.TC_PAY_5_8_3_postPaymentWaiting()[pri:32, instance:com.electricity.tests.PaymentTest@6150c3ec]" name="TC_PAY_5_8_3_postPaymentWaiting" class="com.electricity.tests.PaymentTest"/>
      </group> <!-- Payment -->
      <group name="Discount">
        <method signature="DiscountTest.TC_DISC_001_GetDiscountReasons()[pri:1, instance:com.electricity.tests.DiscountTest@7dcf94f8]" name="TC_DISC_001_GetDiscountReasons" class="com.electricity.tests.DiscountTest"/>
        <method signature="DiscountTest.TC_DISC_002_GetDiscountReasonsWithReason()[pri:2, instance:com.electricity.tests.DiscountTest@7dcf94f8]" name="TC_DISC_002_GetDiscountReasonsWithReason" class="com.electricity.tests.DiscountTest"/>
        <method signature="DiscountTest.TC_DISC_003_GetDiscountReasonsWithActive()[pri:3, instance:com.electricity.tests.DiscountTest@7dcf94f8]" name="TC_DISC_003_GetDiscountReasonsWithActive" class="com.electricity.tests.DiscountTest"/>
        <method signature="DiscountTest.TC_DISC_004_GetDiscountReasonsWithComapnyId()[pri:4, instance:com.electricity.tests.DiscountTest@7dcf94f8]" name="TC_DISC_004_GetDiscountReasonsWithComapnyId" class="com.electricity.tests.DiscountTest"/>
        <method signature="DiscountTest.TC_DISC_005_GetDiscountReasonsWithLimitAndOffset()[pri:5, instance:com.electricity.tests.DiscountTest@7dcf94f8]" name="TC_DISC_005_GetDiscountReasonsWithLimitAndOffset" class="com.electricity.tests.DiscountTest"/>
        <method signature="DiscountTest.TC_DISC_006_GetDiscountApproversWithvalidAmount()[pri:6, instance:com.electricity.tests.DiscountTest@7dcf94f8]" name="TC_DISC_006_GetDiscountApproversWithvalidAmount" class="com.electricity.tests.DiscountTest"/>
        <method signature="DiscountTest.TC_DISC_007_GetDiscountApproversWithInvalidAmount()[pri:7, instance:com.electricity.tests.DiscountTest@7dcf94f8]" name="TC_DISC_007_GetDiscountApproversWithInvalidAmount" class="com.electricity.tests.DiscountTest"/>
        <method signature="DiscountTest.TC_DISC_008_GetDiscountApproversZeroDiscount()[pri:8, instance:com.electricity.tests.DiscountTest@7dcf94f8]" name="TC_DISC_008_GetDiscountApproversZeroDiscount" class="com.electricity.tests.DiscountTest"/>
        <method signature="DiscountTest.TC_DISC_009_GetDiscountApproversNegativeDiscount()[pri:9, instance:com.electricity.tests.DiscountTest@7dcf94f8]" name="TC_DISC_009_GetDiscountApproversNegativeDiscount" class="com.electricity.tests.DiscountTest"/>
        <method signature="DiscountTest.TC_DISC_010_GetDiscountApproversOnlyEmployeeId()[pri:10, instance:com.electricity.tests.DiscountTest@7dcf94f8]" name="TC_DISC_010_GetDiscountApproversOnlyEmployeeId" class="com.electricity.tests.DiscountTest"/>
      </group> <!-- Discount -->
      <group name="Negative">
        <method signature="AuthTest.TC_AUTH_002_MissingMobile()[pri:2, instance:com.electricity.tests.AuthTest@36bc55de]" name="TC_AUTH_002_MissingMobile" class="com.electricity.tests.AuthTest"/>
        <method signature="AuthTest.TC_AUTH_003_MissingPassword()[pri:3, instance:com.electricity.tests.AuthTest@36bc55de]" name="TC_AUTH_003_MissingPassword" class="com.electricity.tests.AuthTest"/>
        <method signature="AuthTest.TC_AUTH_004_WrongPassword()[pri:4, instance:com.electricity.tests.AuthTest@36bc55de]" name="TC_AUTH_004_WrongPassword" class="com.electricity.tests.AuthTest"/>
        <method signature="AuthTest.TC_AUTH_005_InvalidMobile()[pri:5, instance:com.electricity.tests.AuthTest@36bc55de]" name="TC_AUTH_005_InvalidMobile" class="com.electricity.tests.AuthTest"/>
        <method signature="AuthTest.TC_AUTH_006_EmptyBody()[pri:6, instance:com.electricity.tests.AuthTest@36bc55de]" name="TC_AUTH_006_EmptyBody" class="com.electricity.tests.AuthTest"/>
        <method signature="AuthTest.TC_AUTH_007_InvalidJson()[pri:7, instance:com.electricity.tests.AuthTest@36bc55de]" name="TC_AUTH_007_InvalidJson" class="com.electricity.tests.AuthTest"/>
        <method signature="AuthTest.TC_AUTH_008_NonCollectorEmployee()[pri:8, instance:com.electricity.tests.AuthTest@36bc55de]" name="TC_AUTH_008_NonCollectorEmployee" class="com.electricity.tests.AuthTest"/>
        <method signature="AuthTest.TC_AUTH_010_WrongOldPassword()[pri:10, instance:com.electricity.tests.AuthTest@36bc55de]" name="TC_AUTH_010_WrongOldPassword" class="com.electricity.tests.AuthTest"/>
        <method signature="AuthTest.TC_AUTH_011_ShortNewPassword()[pri:11, instance:com.electricity.tests.AuthTest@36bc55de]" name="TC_AUTH_011_ShortNewPassword" class="com.electricity.tests.AuthTest"/>
        <method signature="AuthTest.TC_AUTH_012_MissingOldPassword()[pri:12, instance:com.electricity.tests.AuthTest@36bc55de]" name="TC_AUTH_012_MissingOldPassword" class="com.electricity.tests.AuthTest"/>
        <method signature="AuthTest.TC_AUTH_013_MissingNewPassword()[pri:13, instance:com.electricity.tests.AuthTest@36bc55de]" name="TC_AUTH_013_MissingNewPassword" class="com.electricity.tests.AuthTest"/>
        <method signature="AuthTest.TC_AUTH_014_EmptyOldPassword()[pri:14, instance:com.electricity.tests.AuthTest@36bc55de]" name="TC_AUTH_014_EmptyOldPassword" class="com.electricity.tests.AuthTest"/>
        <method signature="AuthTest.TC_AUTH_015_EmptyNewPassword()[pri:15, instance:com.electricity.tests.AuthTest@36bc55de]" name="TC_AUTH_015_EmptyNewPassword" class="com.electricity.tests.AuthTest"/>
        <method signature="CollectorTest.TC_CUST_007_NoSubZones()[pri:7, instance:com.electricity.tests.CollectorTest@235834f2]" name="TC_CUST_007_NoSubZones" class="com.electricity.tests.CollectorTest"/>
        <method signature="CollectorTest.TC_CUST_008_UnauthorizedSubZone()[pri:8, instance:com.electricity.tests.CollectorTest@235834f2]" name="TC_CUST_008_UnauthorizedSubZone" class="com.electricity.tests.CollectorTest"/>
        <method signature="CollectorTest.TC_CUST_009_InvalidZoneId()[pri:9, instance:com.electricity.tests.CollectorTest@235834f2]" name="TC_CUST_009_InvalidZoneId" class="com.electricity.tests.CollectorTest"/>
        <method signature="CollectorTest.TC_CUST_019_MissingRequestBody()[pri:19, instance:com.electricity.tests.CollectorTest@235834f2]" name="TC_CUST_019_MissingRequestBody" class="com.electricity.tests.CollectorTest"/>
        <method signature="MeterReadingTest.TC_METER_002_ReadingLowerThanPrevious()[pri:2, instance:com.electricity.tests.MeterReadingTest@59474f18]" name="TC_METER_002_ReadingLowerThanPrevious" class="com.electricity.tests.MeterReadingTest"/>
        <method signature="MeterReadingTest.TC_METER_003_SameReadingAsPrevious()[pri:3, instance:com.electricity.tests.MeterReadingTest@59474f18]" name="TC_METER_003_SameReadingAsPrevious" class="com.electricity.tests.MeterReadingTest"/>
        <method signature="MeterReadingTest.TC_METER_004_MissingHouseId()[pri:4, instance:com.electricity.tests.MeterReadingTest@59474f18]" name="TC_METER_004_MissingHouseId" class="com.electricity.tests.MeterReadingTest"/>
        <method signature="MeterReadingTest.TC_METER_005_MissingNewReading()[pri:5, instance:com.electricity.tests.MeterReadingTest@59474f18]" name="TC_METER_005_MissingNewReading" class="com.electricity.tests.MeterReadingTest"/>
        <method signature="MeterReadingTest.TC_METER_006_InvalidHouseId()[pri:6, instance:com.electricity.tests.MeterReadingTest@59474f18]" name="TC_METER_006_InvalidHouseId" class="com.electricity.tests.MeterReadingTest"/>
        <method signature="MeterReadingTest.TC_METER_007_InactiveHouse()[pri:7, instance:com.electricity.tests.MeterReadingTest@59474f18]" name="TC_METER_007_InactiveHouse" class="com.electricity.tests.MeterReadingTest"/>
        <method signature="MeterReadingTest.TC_METER_008_ReadingWithTotalAmount()[pri:8, instance:com.electricity.tests.MeterReadingTest@59474f18]" name="TC_METER_008_ReadingWithTotalAmount" class="com.electricity.tests.MeterReadingTest"/>
        <method signature="BillingTest.TC_BILL_003_GenerateBillNegativeUnits()[pri:3, instance:com.electricity.tests.BillingTest@6b2ea799]" name="TC_BILL_003_GenerateBillNegativeUnits" class="com.electricity.tests.BillingTest"/>
        <method signature="BillingTest.TC_BILL_003_GenerateBill_oldreading_0_to_100()[pri:3, instance:com.electricity.tests.BillingTest@6b2ea799]" name="TC_BILL_003_GenerateBill_oldreading_0_to_100" class="com.electricity.tests.BillingTest"/>
        <method signature="BillingTest.TC_BILL_005_GenerateBillMissingHouseId()[pri:5, instance:com.electricity.tests.BillingTest@6b2ea799]" name="TC_BILL_005_GenerateBillMissingHouseId" class="com.electricity.tests.BillingTest"/>
        <method signature="BillingTest.TC_BILL_006_GenerateBillMissingDate()[pri:6, instance:com.electricity.tests.BillingTest@6b2ea799]" name="TC_BILL_006_GenerateBillMissingDate" class="com.electricity.tests.BillingTest"/>
        <method signature="BillingTest.TC_BILL_007_generateBillsamereading()[pri:7, instance:com.electricity.tests.BillingTest@6b2ea799]" name="TC_BILL_007_generateBillsamereading" class="com.electricity.tests.BillingTest"/>
        <method signature="BillingTest.TC_BILL_008_MissingRate()[pri:8, instance:com.electricity.tests.BillingTest@6b2ea799]" name="TC_BILL_008_MissingRate" class="com.electricity.tests.BillingTest"/>
        <method signature="BillingTest.TC_BILL_009_DownloadBillInvalid()[pri:9, instance:com.electricity.tests.BillingTest@6b2ea799]" name="TC_BILL_009_DownloadBillInvalid" class="com.electricity.tests.BillingTest"/>
        <method signature="BillingTest.TC_BILL_009_generateBillmissingnewreading()[pri:9, instance:com.electricity.tests.BillingTest@6b2ea799]" name="TC_BILL_009_generateBillmissingnewreading" class="com.electricity.tests.BillingTest"/>
        <method signature="BillingTest.TC_BILL_010_missingEmployeeId()[pri:10, instance:com.electricity.tests.BillingTest@6b2ea799]" name="TC_BILL_010_missingEmployeeId" class="com.electricity.tests.BillingTest"/>
        <method signature="BillingTest.TC_BILL_01_invalidApiKey()[pri:11, instance:com.electricity.tests.BillingTest@6b2ea799]" name="TC_BILL_01_invalidApiKey" class="com.electricity.tests.BillingTest"/>
        <method signature="PaymentTest.TC_PAY_003_PaymentZeroAmount()[pri:3, instance:com.electricity.tests.PaymentTest@6150c3ec]" name="TC_PAY_003_PaymentZeroAmount" class="com.electricity.tests.PaymentTest"/>
        <method signature="PaymentTest.TC_PAY_004_PaymentNegativeAmount()[pri:4, instance:com.electricity.tests.PaymentTest@6150c3ec]" name="TC_PAY_004_PaymentNegativeAmount" class="com.electricity.tests.PaymentTest"/>
        <method signature="PaymentTest.TC_PAY_005_PaymentMissingHouseId()[pri:5, instance:com.electricity.tests.PaymentTest@6150c3ec]" name="TC_PAY_005_PaymentMissingHouseId" class="com.electricity.tests.PaymentTest"/>
        <method signature="PaymentTest.TC_PAY_006_PaymentMissingDate()[pri:6, instance:com.electricity.tests.PaymentTest@6150c3ec]" name="TC_PAY_006_PaymentMissingDate" class="com.electricity.tests.PaymentTest"/>
        <method signature="PaymentTest._Payment_overdiscount_5_1_4()[pri:7, instance:com.electricity.tests.PaymentTest@6150c3ec]" name="_Payment_overdiscount_5_1_4" class="com.electricity.tests.PaymentTest"/>
        <method signature="PaymentTest._Payment_without_reason_5_1_4()[pri:8, instance:com.electricity.tests.PaymentTest@6150c3ec]" name="_Payment_without_reason_5_1_4" class="com.electricity.tests.PaymentTest"/>
        <method signature="PaymentTest.TC_PAY_009_CollectionSummaryMissingDate()[pri:9, instance:com.electricity.tests.PaymentTest@6150c3ec]" name="TC_PAY_009_CollectionSummaryMissingDate" class="com.electricity.tests.PaymentTest"/>
        <method signature="PaymentTest._Paymentlimiexceed()[pri:9, instance:com.electricity.tests.PaymentTest@6150c3ec]" name="_Paymentlimiexceed" class="com.electricity.tests.PaymentTest"/>
        <method signature="PaymentTest.TC_PAY_010_CollectionSummaryInvalidDate()[pri:10, instance:com.electricity.tests.PaymentTest@6150c3ec]" name="TC_PAY_010_CollectionSummaryInvalidDate" class="com.electricity.tests.PaymentTest"/>
        <method signature="PaymentTest._Payment_NOT_AUTHORIZED_5_1_6()[pri:10, instance:com.electricity.tests.PaymentTest@6150c3ec]" name="_Payment_NOT_AUTHORIZED_5_1_6" class="com.electricity.tests.PaymentTest"/>
        <method signature="PaymentTest.TC_PAY_5_3_1_waitingPayement()[pri:11, instance:com.electricity.tests.PaymentTest@6150c3ec]" name="TC_PAY_5_3_1_waitingPayement" class="com.electricity.tests.PaymentTest"/>
        <method signature="PaymentTest.nonDsount_5_1_8()[pri:11, instance:com.electricity.tests.PaymentTest@6150c3ec]" name="nonDsount_5_1_8" class="com.electricity.tests.PaymentTest"/>
        <method signature="PaymentTest.TC_PAY_5_3_2_waitingPayementWithEmployeeId()[pri:12, instance:com.electricity.tests.PaymentTest@6150c3ec]" name="TC_PAY_5_3_2_waitingPayementWithEmployeeId" class="com.electricity.tests.PaymentTest"/>
        <method signature="PaymentTest.unpaidInvoices_5_1_8_()[pri:12, instance:com.electricity.tests.PaymentTest@6150c3ec]" name="unpaidInvoices_5_1_8_" class="com.electricity.tests.PaymentTest"/>
        <method signature="PaymentTest.TC_PAY_5_3_3_waitingPayementWithDate()[pri:13, instance:com.electricity.tests.PaymentTest@6150c3ec]" name="TC_PAY_5_3_3_waitingPayementWithDate" class="com.electricity.tests.PaymentTest"/>
        <method signature="PaymentTest.overpayment_5_1_9_()[pri:13, instance:com.electricity.tests.PaymentTest@6150c3ec]" name="overpayment_5_1_9_" class="com.electricity.tests.PaymentTest"/>
        <method signature="PaymentTest.TC_PAY_5_3_4_waitingPayementWithApprover()[pri:14, instance:com.electricity.tests.PaymentTest@6150c3ec]" name="TC_PAY_5_3_4_waitingPayementWithApprover" class="com.electricity.tests.PaymentTest"/>
        <method signature="PaymentTest.TC_PAY_5_3_5_waitingPayementWithNonApprover()[pri:15, instance:com.electricity.tests.PaymentTest@6150c3ec]" name="TC_PAY_5_3_5_waitingPayementWithNonApprover" class="com.electricity.tests.PaymentTest"/>
        <method signature="PaymentTest.TC_PAY_5_3_6_waitingPayementWithLimitorOffset()[pri:16, instance:com.electricity.tests.PaymentTest@6150c3ec]" name="TC_PAY_5_3_6_waitingPayementWithLimitorOffset" class="com.electricity.tests.PaymentTest"/>
        <method signature="PaymentTest.TC_PAY_5_4_1_approvedPaymentwithoutFilter()[pri:17, instance:com.electricity.tests.PaymentTest@6150c3ec]" name="TC_PAY_5_4_1_approvedPaymentwithoutFilter" class="com.electricity.tests.PaymentTest"/>
        <method signature="PaymentTest.TC_PAY_5_4_2_approvedPaymentemployeeId()[pri:18, instance:com.electricity.tests.PaymentTest@6150c3ec]" name="TC_PAY_5_4_2_approvedPaymentemployeeId" class="com.electricity.tests.PaymentTest"/>
        <method signature="PaymentTest.TC_PAY_5_4_3_approvedPaymenWithZoneId()[pri:19, instance:com.electricity.tests.PaymentTest@6150c3ec]" name="TC_PAY_5_4_3_approvedPaymenWithZoneId" class="com.electricity.tests.PaymentTest"/>
        <method signature="PaymentTest.TC_PAY_5_5_1_rejectPayment()[pri:20, instance:com.electricity.tests.PaymentTest@6150c3ec]" name="TC_PAY_5_5_1_rejectPayment" class="com.electricity.tests.PaymentTest"/>
        <method signature="PaymentTest.TC_PAY_5_5_2_rejectPaymentEmployee()[pri:20, instance:com.electricity.tests.PaymentTest@6150c3ec]" name="TC_PAY_5_5_2_rejectPaymentEmployee" class="com.electricity.tests.PaymentTest"/>
        <method signature="PaymentTest.TC_PAY_5_5_3_rejectPaymentZoneId()[pri:21, instance:com.electricity.tests.PaymentTest@6150c3ec]" name="TC_PAY_5_5_3_rejectPaymentZoneId" class="com.electricity.tests.PaymentTest"/>
        <method signature="PaymentTest.TC_PAY_5_6_1_approvePayment()[pri:22, instance:com.electricity.tests.PaymentTest@6150c3ec]" name="TC_PAY_5_6_1_approvePayment" class="com.electricity.tests.PaymentTest"/>
        <method signature="PaymentTest.TC_PAY_5_6_2_approvePaymentwithNonApprove()[pri:23, instance:com.electricity.tests.PaymentTest@6150c3ec]" name="TC_PAY_5_6_2_approvePaymentwithNonApprove" class="com.electricity.tests.PaymentTest"/>
        <method signature="PaymentTest.TC_PAY_5_6_3_approvePaymentwithNonAssign()[pri:24, instance:com.electricity.tests.PaymentTest@6150c3ec]" name="TC_PAY_5_6_3_approvePaymentwithNonAssign" class="com.electricity.tests.PaymentTest"/>
        <method signature="PaymentTest.TC_PAY_5_6_4_approvePaymentwithallready()[pri:25, instance:com.electricity.tests.PaymentTest@6150c3ec]" name="TC_PAY_5_6_4_approvePaymentwithallready" class="com.electricity.tests.PaymentTest"/>
        <method signature="PaymentTest.TC_PAY_5_6_5_approvePaymentwithInvalidPaymentId()[pri:26, instance:com.electricity.tests.PaymentTest@6150c3ec]" name="TC_PAY_5_6_5_approvePaymentwithInvalidPaymentId" class="com.electricity.tests.PaymentTest"/>
        <method signature="PaymentTest.TC_PAY_5_7_1_rejectPaymentvalid()[pri:27, instance:com.electricity.tests.PaymentTest@6150c3ec]" name="TC_PAY_5_7_1_rejectPaymentvalid" class="com.electricity.tests.PaymentTest"/>
        <method signature="PaymentTest.TC_PAY_5_7_2_rejectPaymentNonApprover()[pri:28, instance:com.electricity.tests.PaymentTest@6150c3ec]" name="TC_PAY_5_7_2_rejectPaymentNonApprover" class="com.electricity.tests.PaymentTest"/>
        <method signature="PaymentTest.TC_PAY_5_7_3_rejectPaymentNonassign()[pri:29, instance:com.electricity.tests.PaymentTest@6150c3ec]" name="TC_PAY_5_7_3_rejectPaymentNonassign" class="com.electricity.tests.PaymentTest"/>
        <method signature="PaymentTest.TC_PAY_5_7_4_rejectPaymentAllready()[pri:29, instance:com.electricity.tests.PaymentTest@6150c3ec]" name="TC_PAY_5_7_4_rejectPaymentAllready" class="com.electricity.tests.PaymentTest"/>
        <method signature="PaymentTest.TC_PAY_5_8_1_postPaymentvalid()[pri:30, instance:com.electricity.tests.PaymentTest@6150c3ec]" name="TC_PAY_5_8_1_postPaymentvalid" class="com.electricity.tests.PaymentTest"/>
        <method signature="PaymentTest.TC_PAY_5_8_2_postPaymentallready()[pri:31, instance:com.electricity.tests.PaymentTest@6150c3ec]" name="TC_PAY_5_8_2_postPaymentallready" class="com.electricity.tests.PaymentTest"/>
        <method signature="PaymentTest.TC_PAY_5_8_3_postPaymentWaiting()[pri:32, instance:com.electricity.tests.PaymentTest@6150c3ec]" name="TC_PAY_5_8_3_postPaymentWaiting" class="com.electricity.tests.PaymentTest"/>
        <method signature="DiscountTest.TC_DISC_008_GetDiscountApproversZeroDiscount()[pri:8, instance:com.electricity.tests.DiscountTest@7dcf94f8]" name="TC_DISC_008_GetDiscountApproversZeroDiscount" class="com.electricity.tests.DiscountTest"/>
        <method signature="DiscountTest.TC_DISC_009_GetDiscountApproversNegativeDiscount()[pri:9, instance:com.electricity.tests.DiscountTest@7dcf94f8]" name="TC_DISC_009_GetDiscountApproversNegativeDiscount" class="com.electricity.tests.DiscountTest"/>
      </group> <!-- Negative -->
      <group name="Positive">
        <method signature="AuthTest.TC_AUTH_001_ValidLogin()[pri:1, instance:com.electricity.tests.AuthTest@36bc55de]" name="TC_AUTH_001_ValidLogin" class="com.electricity.tests.AuthTest"/>
        <method signature="AuthTest.TC_AUTH_009_ValidChangePassword()[pri:9, instance:com.electricity.tests.AuthTest@36bc55de]" name="TC_AUTH_009_ValidChangePassword" class="com.electricity.tests.AuthTest"/>
        <method signature="CollectorTest.TC_CUST_001_GetAllCustomers()[pri:1, instance:com.electricity.tests.CollectorTest@235834f2]" name="TC_CUST_001_GetAllCustomers" class="com.electricity.tests.CollectorTest"/>
        <method signature="CollectorTest.TC_CUST_002_FilterByZone()[pri:2, instance:com.electricity.tests.CollectorTest@235834f2]" name="TC_CUST_002_FilterByZone" class="com.electricity.tests.CollectorTest"/>
        <method signature="CollectorTest.TC_CUST_003_FilterBySubZone()[pri:3, instance:com.electricity.tests.CollectorTest@235834f2]" name="TC_CUST_003_FilterBySubZone" class="com.electricity.tests.CollectorTest"/>
        <method signature="CollectorTest.TC_CUST_004_SearchByName()[pri:4, instance:com.electricity.tests.CollectorTest@235834f2]" name="TC_CUST_004_SearchByName" class="com.electricity.tests.CollectorTest"/>
        <method signature="CollectorTest.TC_CUST_005_SearchByMobile()[pri:5, instance:com.electricity.tests.CollectorTest@235834f2]" name="TC_CUST_005_SearchByMobile" class="com.electricity.tests.CollectorTest"/>
        <method signature="CollectorTest.TC_CUST_006_SearchBySupplyNumber()[pri:6, instance:com.electricity.tests.CollectorTest@235834f2]" name="TC_CUST_006_SearchBySupplyNumber" class="com.electricity.tests.CollectorTest"/>
        <method signature="CollectorTest.TC_CUST_010_LargeDatasetPagination()[pri:10, instance:com.electricity.tests.CollectorTest@235834f2]" name="TC_CUST_010_LargeDatasetPagination" class="com.electricity.tests.CollectorTest"/>
        <method signature="CollectorTest.TC_CUST_011_SearchCustomersValid()[pri:11, instance:com.electricity.tests.CollectorTest@235834f2]" name="TC_CUST_011_SearchCustomersValid" class="com.electricity.tests.CollectorTest"/>
        <method signature="CollectorTest.TC_CUST_012_SearchCustomersWithZone()[pri:12, instance:com.electricity.tests.CollectorTest@235834f2]" name="TC_CUST_012_SearchCustomersWithZone" class="com.electricity.tests.CollectorTest"/>
        <method signature="CollectorTest.TC_CUST_013_SearchBySupplyNumber()[pri:13, instance:com.electricity.tests.CollectorTest@235834f2]" name="TC_CUST_013_SearchBySupplyNumber" class="com.electricity.tests.CollectorTest"/>
        <method signature="CollectorTest.TC_CUST_014_SearchByPartnerName()[pri:14, instance:com.electricity.tests.CollectorTest@235834f2]" name="TC_CUST_014_SearchByPartnerName" class="com.electricity.tests.CollectorTest"/>
        <method signature="CollectorTest.TC_CUST_015_SearchByMobile()[pri:15, instance:com.electricity.tests.CollectorTest@235834f2]" name="TC_CUST_015_SearchByMobile" class="com.electricity.tests.CollectorTest"/>
        <method signature="CollectorTest.TC_CUST_016_SearchByCustomerType()[pri:16, instance:com.electricity.tests.CollectorTest@235834f2]" name="TC_CUST_016_SearchByCustomerType" class="com.electricity.tests.CollectorTest"/>
        <method signature="CollectorTest.TC_CUST_017_CombinedSearch()[pri:17, instance:com.electricity.tests.CollectorTest@235834f2]" name="TC_CUST_017_CombinedSearch" class="com.electricity.tests.CollectorTest"/>
        <method signature="CollectorTest.TC_CUST_018_NoResults()[pri:18, instance:com.electricity.tests.CollectorTest@235834f2]" name="TC_CUST_018_NoResults" class="com.electricity.tests.CollectorTest"/>
        <method signature="MeterReadingTest.TC_METER_001_ValidReading()[pri:1, instance:com.electricity.tests.MeterReadingTest@59474f18]" name="TC_METER_001_ValidReading" class="com.electricity.tests.MeterReadingTest"/>
        <method signature="BillingTest.TC_BILL_001_GenerateBillZeroRate()[pri:1, instance:com.electricity.tests.BillingTest@6b2ea799]" name="TC_BILL_001_GenerateBillZeroRate" class="com.electricity.tests.BillingTest"/>
        <method signature="BillingTest.TC_BILL_001_GenerateBillvalid()[pri:1, instance:com.electricity.tests.BillingTest@6b2ea799]" name="TC_BILL_001_GenerateBillvalid" class="com.electricity.tests.BillingTest"/>
        <method signature="BillingTest.TC_BILL_002_GenerateBillLessthanoldReading()[pri:2, instance:com.electricity.tests.BillingTest@6b2ea799]" name="TC_BILL_002_GenerateBillLessthanoldReading" class="com.electricity.tests.BillingTest"/>
        <method signature="BillingTest.generateBillalready()[pri:2, instance:com.electricity.tests.BillingTest@6b2ea799]" name="generateBillalready" class="com.electricity.tests.BillingTest"/>
        <method signature="BillingTest.TC_BILL_004_GenerateBillZeroRateValidReadings()[pri:4, instance:com.electricity.tests.BillingTest@6b2ea799]" name="TC_BILL_004_GenerateBillZeroRateValidReadings" class="com.electricity.tests.BillingTest"/>
        <method signature="BillingTest.TC_BILL_008_DownloadBillValid()[pri:8, instance:com.electricity.tests.BillingTest@6b2ea799]" name="TC_BILL_008_DownloadBillValid" class="com.electricity.tests.BillingTest"/>
        <method signature="PaymentTest.TC_PAY_001_ValidPaymentNoDiscount()[pri:1, instance:com.electricity.tests.PaymentTest@6150c3ec]" name="TC_PAY_001_ValidPaymentNoDiscount" class="com.electricity.tests.PaymentTest"/>
        <method signature="PaymentTest.TC_PAY_002_PaymentWithDiscount()[pri:2, instance:com.electricity.tests.PaymentTest@6150c3ec]" name="TC_PAY_002_PaymentWithDiscount" class="com.electricity.tests.PaymentTest"/>
        <method signature="PaymentTest.TC_PAY_007_FullPaymentWithAllDiscountFields()[pri:7, instance:com.electricity.tests.PaymentTest@6150c3ec]" name="TC_PAY_007_FullPaymentWithAllDiscountFields" class="com.electricity.tests.PaymentTest"/>
        <method signature="PaymentTest.TC_PAY_008_ValidCollectionSummary()[pri:8, instance:com.electricity.tests.PaymentTest@6150c3ec]" name="TC_PAY_008_ValidCollectionSummary" class="com.electricity.tests.PaymentTest"/>
        <method signature="DiscountTest.TC_DISC_001_GetDiscountReasons()[pri:1, instance:com.electricity.tests.DiscountTest@7dcf94f8]" name="TC_DISC_001_GetDiscountReasons" class="com.electricity.tests.DiscountTest"/>
        <method signature="DiscountTest.TC_DISC_002_GetDiscountReasonsWithReason()[pri:2, instance:com.electricity.tests.DiscountTest@7dcf94f8]" name="TC_DISC_002_GetDiscountReasonsWithReason" class="com.electricity.tests.DiscountTest"/>
        <method signature="DiscountTest.TC_DISC_003_GetDiscountReasonsWithActive()[pri:3, instance:com.electricity.tests.DiscountTest@7dcf94f8]" name="TC_DISC_003_GetDiscountReasonsWithActive" class="com.electricity.tests.DiscountTest"/>
        <method signature="DiscountTest.TC_DISC_004_GetDiscountReasonsWithComapnyId()[pri:4, instance:com.electricity.tests.DiscountTest@7dcf94f8]" name="TC_DISC_004_GetDiscountReasonsWithComapnyId" class="com.electricity.tests.DiscountTest"/>
        <method signature="DiscountTest.TC_DISC_005_GetDiscountReasonsWithLimitAndOffset()[pri:5, instance:com.electricity.tests.DiscountTest@7dcf94f8]" name="TC_DISC_005_GetDiscountReasonsWithLimitAndOffset" class="com.electricity.tests.DiscountTest"/>
        <method signature="DiscountTest.TC_DISC_006_GetDiscountApproversWithvalidAmount()[pri:6, instance:com.electricity.tests.DiscountTest@7dcf94f8]" name="TC_DISC_006_GetDiscountApproversWithvalidAmount" class="com.electricity.tests.DiscountTest"/>
        <method signature="DiscountTest.TC_DISC_007_GetDiscountApproversWithInvalidAmount()[pri:7, instance:com.electricity.tests.DiscountTest@7dcf94f8]" name="TC_DISC_007_GetDiscountApproversWithInvalidAmount" class="com.electricity.tests.DiscountTest"/>
        <method signature="DiscountTest.TC_DISC_010_GetDiscountApproversOnlyEmployeeId()[pri:10, instance:com.electricity.tests.DiscountTest@7dcf94f8]" name="TC_DISC_010_GetDiscountApproversOnlyEmployeeId" class="com.electricity.tests.DiscountTest"/>
      </group> <!-- Positive -->
      <group name="Billing">
        <method signature="BillingTest.TC_BILL_001_GenerateBillZeroRate()[pri:1, instance:com.electricity.tests.BillingTest@6b2ea799]" name="TC_BILL_001_GenerateBillZeroRate" class="com.electricity.tests.BillingTest"/>
        <method signature="BillingTest.TC_BILL_001_GenerateBillvalid()[pri:1, instance:com.electricity.tests.BillingTest@6b2ea799]" name="TC_BILL_001_GenerateBillvalid" class="com.electricity.tests.BillingTest"/>
        <method signature="BillingTest.TC_BILL_002_GenerateBillLessthanoldReading()[pri:2, instance:com.electricity.tests.BillingTest@6b2ea799]" name="TC_BILL_002_GenerateBillLessthanoldReading" class="com.electricity.tests.BillingTest"/>
        <method signature="BillingTest.generateBillalready()[pri:2, instance:com.electricity.tests.BillingTest@6b2ea799]" name="generateBillalready" class="com.electricity.tests.BillingTest"/>
        <method signature="BillingTest.TC_BILL_003_GenerateBillNegativeUnits()[pri:3, instance:com.electricity.tests.BillingTest@6b2ea799]" name="TC_BILL_003_GenerateBillNegativeUnits" class="com.electricity.tests.BillingTest"/>
        <method signature="BillingTest.TC_BILL_003_GenerateBill_oldreading_0_to_100()[pri:3, instance:com.electricity.tests.BillingTest@6b2ea799]" name="TC_BILL_003_GenerateBill_oldreading_0_to_100" class="com.electricity.tests.BillingTest"/>
        <method signature="BillingTest.TC_BILL_004_GenerateBillZeroRateValidReadings()[pri:4, instance:com.electricity.tests.BillingTest@6b2ea799]" name="TC_BILL_004_GenerateBillZeroRateValidReadings" class="com.electricity.tests.BillingTest"/>
        <method signature="BillingTest.TC_BILL_005_GenerateBillMissingHouseId()[pri:5, instance:com.electricity.tests.BillingTest@6b2ea799]" name="TC_BILL_005_GenerateBillMissingHouseId" class="com.electricity.tests.BillingTest"/>
        <method signature="BillingTest.TC_BILL_006_GenerateBillMissingDate()[pri:6, instance:com.electricity.tests.BillingTest@6b2ea799]" name="TC_BILL_006_GenerateBillMissingDate" class="com.electricity.tests.BillingTest"/>
        <method signature="BillingTest.TC_BILL_007_generateBillsamereading()[pri:7, instance:com.electricity.tests.BillingTest@6b2ea799]" name="TC_BILL_007_generateBillsamereading" class="com.electricity.tests.BillingTest"/>
        <method signature="BillingTest.TC_BILL_008_DownloadBillValid()[pri:8, instance:com.electricity.tests.BillingTest@6b2ea799]" name="TC_BILL_008_DownloadBillValid" class="com.electricity.tests.BillingTest"/>
        <method signature="BillingTest.TC_BILL_009_DownloadBillInvalid()[pri:9, instance:com.electricity.tests.BillingTest@6b2ea799]" name="TC_BILL_009_DownloadBillInvalid" class="com.electricity.tests.BillingTest"/>
        <method signature="BillingTest.TC_BILL_010_missingEmployeeId()[pri:10, instance:com.electricity.tests.BillingTest@6b2ea799]" name="TC_BILL_010_missingEmployeeId" class="com.electricity.tests.BillingTest"/>
        <method signature="BillingTest.TC_BILL_01_invalidApiKey()[pri:11, instance:com.electricity.tests.BillingTest@6b2ea799]" name="TC_BILL_01_invalidApiKey" class="com.electricity.tests.BillingTest"/>
      </group> <!-- Billing -->
      <group name="MeterReading">
        <method signature="MeterReadingTest.TC_METER_001_ValidReading()[pri:1, instance:com.electricity.tests.MeterReadingTest@59474f18]" name="TC_METER_001_ValidReading" class="com.electricity.tests.MeterReadingTest"/>
        <method signature="MeterReadingTest.TC_METER_002_ReadingLowerThanPrevious()[pri:2, instance:com.electricity.tests.MeterReadingTest@59474f18]" name="TC_METER_002_ReadingLowerThanPrevious" class="com.electricity.tests.MeterReadingTest"/>
        <method signature="MeterReadingTest.TC_METER_003_SameReadingAsPrevious()[pri:3, instance:com.electricity.tests.MeterReadingTest@59474f18]" name="TC_METER_003_SameReadingAsPrevious" class="com.electricity.tests.MeterReadingTest"/>
        <method signature="MeterReadingTest.TC_METER_004_MissingHouseId()[pri:4, instance:com.electricity.tests.MeterReadingTest@59474f18]" name="TC_METER_004_MissingHouseId" class="com.electricity.tests.MeterReadingTest"/>
        <method signature="MeterReadingTest.TC_METER_005_MissingNewReading()[pri:5, instance:com.electricity.tests.MeterReadingTest@59474f18]" name="TC_METER_005_MissingNewReading" class="com.electricity.tests.MeterReadingTest"/>
        <method signature="MeterReadingTest.TC_METER_006_InvalidHouseId()[pri:6, instance:com.electricity.tests.MeterReadingTest@59474f18]" name="TC_METER_006_InvalidHouseId" class="com.electricity.tests.MeterReadingTest"/>
        <method signature="MeterReadingTest.TC_METER_007_InactiveHouse()[pri:7, instance:com.electricity.tests.MeterReadingTest@59474f18]" name="TC_METER_007_InactiveHouse" class="com.electricity.tests.MeterReadingTest"/>
        <method signature="MeterReadingTest.TC_METER_008_ReadingWithTotalAmount()[pri:8, instance:com.electricity.tests.MeterReadingTest@59474f18]" name="TC_METER_008_ReadingWithTotalAmount" class="com.electricity.tests.MeterReadingTest"/>
      </group> <!-- MeterReading -->
      <group name="Auth">
        <method signature="AuthTest.TC_AUTH_001_ValidLogin()[pri:1, instance:com.electricity.tests.AuthTest@36bc55de]" name="TC_AUTH_001_ValidLogin" class="com.electricity.tests.AuthTest"/>
        <method signature="AuthTest.TC_AUTH_002_MissingMobile()[pri:2, instance:com.electricity.tests.AuthTest@36bc55de]" name="TC_AUTH_002_MissingMobile" class="com.electricity.tests.AuthTest"/>
        <method signature="AuthTest.TC_AUTH_003_MissingPassword()[pri:3, instance:com.electricity.tests.AuthTest@36bc55de]" name="TC_AUTH_003_MissingPassword" class="com.electricity.tests.AuthTest"/>
        <method signature="AuthTest.TC_AUTH_004_WrongPassword()[pri:4, instance:com.electricity.tests.AuthTest@36bc55de]" name="TC_AUTH_004_WrongPassword" class="com.electricity.tests.AuthTest"/>
        <method signature="AuthTest.TC_AUTH_005_InvalidMobile()[pri:5, instance:com.electricity.tests.AuthTest@36bc55de]" name="TC_AUTH_005_InvalidMobile" class="com.electricity.tests.AuthTest"/>
        <method signature="AuthTest.TC_AUTH_006_EmptyBody()[pri:6, instance:com.electricity.tests.AuthTest@36bc55de]" name="TC_AUTH_006_EmptyBody" class="com.electricity.tests.AuthTest"/>
        <method signature="AuthTest.TC_AUTH_007_InvalidJson()[pri:7, instance:com.electricity.tests.AuthTest@36bc55de]" name="TC_AUTH_007_InvalidJson" class="com.electricity.tests.AuthTest"/>
        <method signature="AuthTest.TC_AUTH_008_NonCollectorEmployee()[pri:8, instance:com.electricity.tests.AuthTest@36bc55de]" name="TC_AUTH_008_NonCollectorEmployee" class="com.electricity.tests.AuthTest"/>
        <method signature="AuthTest.TC_AUTH_009_ValidChangePassword()[pri:9, instance:com.electricity.tests.AuthTest@36bc55de]" name="TC_AUTH_009_ValidChangePassword" class="com.electricity.tests.AuthTest"/>
        <method signature="AuthTest.TC_AUTH_010_WrongOldPassword()[pri:10, instance:com.electricity.tests.AuthTest@36bc55de]" name="TC_AUTH_010_WrongOldPassword" class="com.electricity.tests.AuthTest"/>
        <method signature="AuthTest.TC_AUTH_011_ShortNewPassword()[pri:11, instance:com.electricity.tests.AuthTest@36bc55de]" name="TC_AUTH_011_ShortNewPassword" class="com.electricity.tests.AuthTest"/>
        <method signature="AuthTest.TC_AUTH_012_MissingOldPassword()[pri:12, instance:com.electricity.tests.AuthTest@36bc55de]" name="TC_AUTH_012_MissingOldPassword" class="com.electricity.tests.AuthTest"/>
        <method signature="AuthTest.TC_AUTH_013_MissingNewPassword()[pri:13, instance:com.electricity.tests.AuthTest@36bc55de]" name="TC_AUTH_013_MissingNewPassword" class="com.electricity.tests.AuthTest"/>
        <method signature="AuthTest.TC_AUTH_014_EmptyOldPassword()[pri:14, instance:com.electricity.tests.AuthTest@36bc55de]" name="TC_AUTH_014_EmptyOldPassword" class="com.electricity.tests.AuthTest"/>
        <method signature="AuthTest.TC_AUTH_015_EmptyNewPassword()[pri:15, instance:com.electricity.tests.AuthTest@36bc55de]" name="TC_AUTH_015_EmptyNewPassword" class="com.electricity.tests.AuthTest"/>
      </group> <!-- Auth -->
      <group name="Bill">
        <method signature="BillingTest.TC_BILL_008_MissingRate()[pri:8, instance:com.electricity.tests.BillingTest@6b2ea799]" name="TC_BILL_008_MissingRate" class="com.electricity.tests.BillingTest"/>
        <method signature="BillingTest.TC_BILL_009_generateBillmissingnewreading()[pri:9, instance:com.electricity.tests.BillingTest@6b2ea799]" name="TC_BILL_009_generateBillmissingnewreading" class="com.electricity.tests.BillingTest"/>
      </group> <!-- Bill -->
      <group name="Collector">
        <method signature="CollectorTest.TC_CUST_001_GetAllCustomers()[pri:1, instance:com.electricity.tests.CollectorTest@235834f2]" name="TC_CUST_001_GetAllCustomers" class="com.electricity.tests.CollectorTest"/>
        <method signature="CollectorTest.TC_CUST_002_FilterByZone()[pri:2, instance:com.electricity.tests.CollectorTest@235834f2]" name="TC_CUST_002_FilterByZone" class="com.electricity.tests.CollectorTest"/>
        <method signature="CollectorTest.TC_CUST_003_FilterBySubZone()[pri:3, instance:com.electricity.tests.CollectorTest@235834f2]" name="TC_CUST_003_FilterBySubZone" class="com.electricity.tests.CollectorTest"/>
        <method signature="CollectorTest.TC_CUST_004_SearchByName()[pri:4, instance:com.electricity.tests.CollectorTest@235834f2]" name="TC_CUST_004_SearchByName" class="com.electricity.tests.CollectorTest"/>
        <method signature="CollectorTest.TC_CUST_005_SearchByMobile()[pri:5, instance:com.electricity.tests.CollectorTest@235834f2]" name="TC_CUST_005_SearchByMobile" class="com.electricity.tests.CollectorTest"/>
        <method signature="CollectorTest.TC_CUST_006_SearchBySupplyNumber()[pri:6, instance:com.electricity.tests.CollectorTest@235834f2]" name="TC_CUST_006_SearchBySupplyNumber" class="com.electricity.tests.CollectorTest"/>
        <method signature="CollectorTest.TC_CUST_007_NoSubZones()[pri:7, instance:com.electricity.tests.CollectorTest@235834f2]" name="TC_CUST_007_NoSubZones" class="com.electricity.tests.CollectorTest"/>
        <method signature="CollectorTest.TC_CUST_008_UnauthorizedSubZone()[pri:8, instance:com.electricity.tests.CollectorTest@235834f2]" name="TC_CUST_008_UnauthorizedSubZone" class="com.electricity.tests.CollectorTest"/>
        <method signature="CollectorTest.TC_CUST_009_InvalidZoneId()[pri:9, instance:com.electricity.tests.CollectorTest@235834f2]" name="TC_CUST_009_InvalidZoneId" class="com.electricity.tests.CollectorTest"/>
        <method signature="CollectorTest.TC_CUST_010_LargeDatasetPagination()[pri:10, instance:com.electricity.tests.CollectorTest@235834f2]" name="TC_CUST_010_LargeDatasetPagination" class="com.electricity.tests.CollectorTest"/>
        <method signature="CollectorTest.TC_CUST_011_SearchCustomersValid()[pri:11, instance:com.electricity.tests.CollectorTest@235834f2]" name="TC_CUST_011_SearchCustomersValid" class="com.electricity.tests.CollectorTest"/>
        <method signature="CollectorTest.TC_CUST_012_SearchCustomersWithZone()[pri:12, instance:com.electricity.tests.CollectorTest@235834f2]" name="TC_CUST_012_SearchCustomersWithZone" class="com.electricity.tests.CollectorTest"/>
        <method signature="CollectorTest.TC_CUST_013_SearchBySupplyNumber()[pri:13, instance:com.electricity.tests.CollectorTest@235834f2]" name="TC_CUST_013_SearchBySupplyNumber" class="com.electricity.tests.CollectorTest"/>
        <method signature="CollectorTest.TC_CUST_014_SearchByPartnerName()[pri:14, instance:com.electricity.tests.CollectorTest@235834f2]" name="TC_CUST_014_SearchByPartnerName" class="com.electricity.tests.CollectorTest"/>
        <method signature="CollectorTest.TC_CUST_015_SearchByMobile()[pri:15, instance:com.electricity.tests.CollectorTest@235834f2]" name="TC_CUST_015_SearchByMobile" class="com.electricity.tests.CollectorTest"/>
        <method signature="CollectorTest.TC_CUST_016_SearchByCustomerType()[pri:16, instance:com.electricity.tests.CollectorTest@235834f2]" name="TC_CUST_016_SearchByCustomerType" class="com.electricity.tests.CollectorTest"/>
        <method signature="CollectorTest.TC_CUST_017_CombinedSearch()[pri:17, instance:com.electricity.tests.CollectorTest@235834f2]" name="TC_CUST_017_CombinedSearch" class="com.electricity.tests.CollectorTest"/>
        <method signature="CollectorTest.TC_CUST_018_NoResults()[pri:18, instance:com.electricity.tests.CollectorTest@235834f2]" name="TC_CUST_018_NoResults" class="com.electricity.tests.CollectorTest"/>
        <method signature="CollectorTest.TC_CUST_019_MissingRequestBody()[pri:19, instance:com.electricity.tests.CollectorTest@235834f2]" name="TC_CUST_019_MissingRequestBody" class="com.electricity.tests.CollectorTest"/>
      </group> <!-- Collector -->
    </groups>
    <test started-at="2026-03-26T16:46:03 IST" name="1. Authentication Tests" finished-at="2026-03-26T16:46:12 IST" duration-ms="8609">
      <class name="com.electricity.tests.AuthTest">
        <test-method is-config="true" signature="beforeMethod(java.lang.reflect.Method)[pri:0, instance:com.electricity.tests.AuthTest@36bc55de]" started-at="2026-03-26T16:46:03 IST" name="beforeMethod" finished-at="2026-03-26T16:46:03 IST" duration-ms="10" status="PASS">
          <params>
            <param index="0">
              <value>
                <![CDATA[public void com.electricity.tests.AuthTest.TC_AUTH_001_ValidLogin()]]>
              </value>
            </param>
          </params>
          <reporter-output>
          </reporter-output>
        </test-method> <!-- beforeMethod -->
        <test-method signature="TC_AUTH_001_ValidLogin()[pri:1, instance:com.electricity.tests.AuthTest@36bc55de]" started-at="2026-03-26T16:46:03 IST" name="TC_AUTH_001_ValidLogin" description="Valid mobile + password should return 200 with token" finished-at="2026-03-26T16:46:06 IST" duration-ms="3188" status="PASS">
          <reporter-output>
          </reporter-output>
        </test-method> <!-- TC_AUTH_001_ValidLogin -->
        <test-method is-config="true" signature="afterMethod(org.testng.ITestResult)[pri:0, instance:com.electricity.tests.AuthTest@36bc55de]" started-at="2026-03-26T16:46:06 IST" name="afterMethod" finished-at="2026-03-26T16:46:06 IST" duration-ms="1" status="PASS">
          <params>
            <param index="0">
              <value>
                <![CDATA[[TestResult name=TC_AUTH_001_ValidLogin status=SUCCESS method=AuthTest.TC_AUTH_001_ValidLogin()[pri:1, instance:com.electricity.tests.AuthTest@36bc55de] output={null}]]]>
              </value>
            </param>
          </params>
          <reporter-output>
          </reporter-output>
        </test-method> <!-- afterMethod -->
        <test-method signature="TC_AUTH_002_MissingMobile()[pri:2, instance:com.electricity.tests.AuthTest@36bc55de]" started-at="2026-03-26T16:46:06 IST" name="TC_AUTH_002_MissingMobile" description="Missing mobile field should return 4xx error" finished-at="2026-03-26T16:46:07 IST" duration-ms="333" status="PASS">
          <reporter-output>
          </reporter-output>
        </test-method> <!-- TC_AUTH_002_MissingMobile -->
        <test-method is-config="true" signature="beforeMethod(java.lang.reflect.Method)[pri:0, instance:com.electricity.tests.AuthTest@36bc55de]" started-at="2026-03-26T16:46:06 IST" name="beforeMethod" finished-at="2026-03-26T16:46:06 IST" duration-ms="0" status="PASS">
          <params>
            <param index="0">
              <value>
                <![CDATA[public void com.electricity.tests.AuthTest.TC_AUTH_002_MissingMobile()]]>
              </value>
            </param>
          </params>
          <reporter-output>
          </reporter-output>
        </test-method> <!-- beforeMethod -->
        <test-method is-config="true" signature="afterMethod(org.testng.ITestResult)[pri:0, instance:com.electricity.tests.AuthTest@36bc55de]" started-at="2026-03-26T16:46:07 IST" name="afterMethod" finished-at="2026-03-26T16:46:07 IST" duration-ms="5" status="PASS">
          <params>
            <param index="0">
              <value>
                <![CDATA[[TestResult name=TC_AUTH_002_MissingMobile status=SUCCESS method=AuthTest.TC_AUTH_002_MissingMobile()[pri:2, instance:com.electricity.tests.AuthTest@36bc55de] output={null}]]]>
              </value>
            </param>
          </params>
          <reporter-output>
          </reporter-output>
        </test-method> <!-- afterMethod -->
        <test-method is-config="true" signature="beforeMethod(java.lang.reflect.Method)[pri:0, instance:com.electricity.tests.AuthTest@36bc55de]" started-at="2026-03-26T16:46:07 IST" name="beforeMethod" finished-at="2026-03-26T16:46:07 IST" duration-ms="7" status="PASS">
          <params>
            <param index="0">
              <value>
                <![CDATA[public void com.electricity.tests.AuthTest.TC_AUTH_003_MissingPassword()]]>
              </value>
            </param>
          </params>
          <reporter-output>
          </reporter-output>
        </test-method> <!-- beforeMethod -->
        <test-method signature="TC_AUTH_003_MissingPassword()[pri:3, instance:com.electricity.tests.AuthTest@36bc55de]" started-at="2026-03-26T16:46:07 IST" name="TC_AUTH_003_MissingPassword" description="Missing password field should return 4xx error" finished-at="2026-03-26T16:46:07 IST" duration-ms="329" status="PASS">
          <reporter-output>
          </reporter-output>
        </test-method> <!-- TC_AUTH_003_MissingPassword -->
        <test-method is-config="true" signature="afterMethod(org.testng.ITestResult)[pri:0, instance:com.electricity.tests.AuthTest@36bc55de]" started-at="2026-03-26T16:46:07 IST" name="afterMethod" finished-at="2026-03-26T16:46:07 IST" duration-ms="0" status="PASS">
          <params>
            <param index="0">
              <value>
                <![CDATA[[TestResult name=TC_AUTH_003_MissingPassword status=SUCCESS method=AuthTest.TC_AUTH_003_MissingPassword()[pri:3, instance:com.electricity.tests.AuthTest@36bc55de] output={null}]]]>
              </value>
            </param>
          </params>
          <reporter-output>
          </reporter-output>
        </test-method> <!-- afterMethod -->
        <test-method signature="TC_AUTH_004_WrongPassword()[pri:4, instance:com.electricity.tests.AuthTest@36bc55de]" started-at="2026-03-26T16:46:07 IST" name="TC_AUTH_004_WrongPassword" description="Wrong password should return 401 AUTHENTICATION_FAILED" finished-at="2026-03-26T16:46:07 IST" duration-ms="342" status="PASS">
          <reporter-output>
          </reporter-output>
        </test-method> <!-- TC_AUTH_004_WrongPassword -->
        <test-method is-config="true" signature="beforeMethod(java.lang.reflect.Method)[pri:0, instance:com.electricity.tests.AuthTest@36bc55de]" started-at="2026-03-26T16:46:07 IST" name="beforeMethod" finished-at="2026-03-26T16:46:07 IST" duration-ms="0" status="PASS">
          <params>
            <param index="0">
              <value>
                <![CDATA[public void com.electricity.tests.AuthTest.TC_AUTH_004_WrongPassword()]]>
              </value>
            </param>
          </params>
          <reporter-output>
          </reporter-output>
        </test-method> <!-- beforeMethod -->
        <test-method is-config="true" signature="afterMethod(org.testng.ITestResult)[pri:0, instance:com.electricity.tests.AuthTest@36bc55de]" started-at="2026-03-26T16:46:07 IST" name="afterMethod" finished-at="2026-03-26T16:46:07 IST" duration-ms="1" status="PASS">
          <params>
            <param index="0">
              <value>
                <![CDATA[[TestResult name=TC_AUTH_004_WrongPassword status=SUCCESS method=AuthTest.TC_AUTH_004_WrongPassword()[pri:4, instance:com.electricity.tests.AuthTest@36bc55de] output={null}]]]>
              </value>
            </param>
          </params>
          <reporter-output>
          </reporter-output>
        </test-method> <!-- afterMethod -->
        <test-method is-config="true" signature="beforeMethod(java.lang.reflect.Method)[pri:0, instance:com.electricity.tests.AuthTest@36bc55de]" started-at="2026-03-26T16:46:07 IST" name="beforeMethod" finished-at="2026-03-26T16:46:07 IST" duration-ms="1" status="PASS">
          <params>
            <param index="0">
              <value>
                <![CDATA[public void com.electricity.tests.AuthTest.TC_AUTH_005_InvalidMobile()]]>
              </value>
            </param>
          </params>
          <reporter-output>
          </reporter-output>
        </test-method> <!-- beforeMethod -->
        <test-method signature="TC_AUTH_005_InvalidMobile()[pri:5, instance:com.electricity.tests.AuthTest@36bc55de]" started-at="2026-03-26T16:46:07 IST" name="TC_AUTH_005_InvalidMobile" description="Non-existent mobile should return 401" finished-at="2026-03-26T16:46:08 IST" duration-ms="404" status="PASS">
          <reporter-output>
          </reporter-output>
        </test-method> <!-- TC_AUTH_005_InvalidMobile -->
        <test-method is-config="true" signature="afterMethod(org.testng.ITestResult)[pri:0, instance:com.electricity.tests.AuthTest@36bc55de]" started-at="2026-03-26T16:46:08 IST" name="afterMethod" finished-at="2026-03-26T16:46:08 IST" duration-ms="1" status="PASS">
          <params>
            <param index="0">
              <value>
                <![CDATA[[TestResult name=TC_AUTH_005_InvalidMobile status=SUCCESS method=AuthTest.TC_AUTH_005_InvalidMobile()[pri:5, instance:com.electricity.tests.AuthTest@36bc55de] output={null}]]]>
              </value>
            </param>
          </params>
          <reporter-output>
          </reporter-output>
        </test-method> <!-- afterMethod -->
        <test-method signature="TC_AUTH_006_EmptyBody()[pri:6, instance:com.electricity.tests.AuthTest@36bc55de]" started-at="2026-03-26T16:46:08 IST" name="TC_AUTH_006_EmptyBody" description="Empty body should return 400 error" finished-at="2026-03-26T16:46:08 IST" duration-ms="474" status="PASS">
          <reporter-output>
          </reporter-output>
        </test-method> <!-- TC_AUTH_006_EmptyBody -->
        <test-method is-config="true" signature="beforeMethod(java.lang.reflect.Method)[pri:0, instance:com.electricity.tests.AuthTest@36bc55de]" started-at="2026-03-26T16:46:08 IST" name="beforeMethod" finished-at="2026-03-26T16:46:08 IST" duration-ms="0" status="PASS">
          <params>
            <param index="0">
              <value>
                <![CDATA[public void com.electricity.tests.AuthTest.TC_AUTH_006_EmptyBody()]]>
              </value>
            </param>
          </params>
          <reporter-output>
          </reporter-output>
        </test-method> <!-- beforeMethod -->
        <test-method is-config="true" signature="afterMethod(org.testng.ITestResult)[pri:0, instance:com.electricity.tests.AuthTest@36bc55de]" started-at="2026-03-26T16:46:08 IST" name="afterMethod" finished-at="2026-03-26T16:46:08 IST" duration-ms="1" status="PASS">
          <params>
            <param index="0">
              <value>
                <![CDATA[[TestResult name=TC_AUTH_006_EmptyBody status=SUCCESS method=AuthTest.TC_AUTH_006_EmptyBody()[pri:6, instance:com.electricity.tests.AuthTest@36bc55de] output={null}]]]>
              </value>
            </param>
          </params>
          <reporter-output>
          </reporter-output>
        </test-method> <!-- afterMethod -->
        <test-method is-config="true" signature="beforeMethod(java.lang.reflect.Method)[pri:0, instance:com.electricity.tests.AuthTest@36bc55de]" started-at="2026-03-26T16:46:08 IST" name="beforeMethod" finished-at="2026-03-26T16:46:08 IST" duration-ms="1" status="PASS">
          <params>
            <param index="0">
              <value>
                <![CDATA[public void com.electricity.tests.AuthTest.TC_AUTH_007_InvalidJson()]]>
              </value>
            </param>
          </params>
          <reporter-output>
          </reporter-output>
        </test-method> <!-- beforeMethod -->
        <test-method signature="TC_AUTH_007_InvalidJson()[pri:7, instance:com.electricity.tests.AuthTest@36bc55de]" started-at="2026-03-26T16:46:08 IST" name="TC_AUTH_007_InvalidJson" description="Invalid JSON body should return 400 error" finished-at="2026-03-26T16:46:09 IST" duration-ms="358" status="PASS">
          <reporter-output>
          </reporter-output>
        </test-method> <!-- TC_AUTH_007_InvalidJson -->
        <test-method is-config="true" signature="afterMethod(org.testng.ITestResult)[pri:0, instance:com.electricity.tests.AuthTest@36bc55de]" started-at="2026-03-26T16:46:09 IST" name="afterMethod" finished-at="2026-03-26T16:46:09 IST" duration-ms="2" status="PASS">
          <params>
            <param index="0">
              <value>
                <![CDATA[[TestResult name=TC_AUTH_007_InvalidJson status=SUCCESS method=AuthTest.TC_AUTH_007_InvalidJson()[pri:7, instance:com.electricity.tests.AuthTest@36bc55de] output={null}]]]>
              </value>
            </param>
          </params>
          <reporter-output>
          </reporter-output>
        </test-method> <!-- afterMethod -->
        <test-method is-config="true" signature="beforeMethod(java.lang.reflect.Method)[pri:0, instance:com.electricity.tests.AuthTest@36bc55de]" started-at="2026-03-26T16:46:09 IST" name="beforeMethod" finished-at="2026-03-26T16:46:09 IST" duration-ms="1" status="PASS">
          <params>
            <param index="0">
              <value>
                <![CDATA[public void com.electricity.tests.AuthTest.TC_AUTH_008_NonCollectorEmployee()]]>
              </value>
            </param>
          </params>
          <reporter-output>
          </reporter-output>
        </test-method> <!-- beforeMethod -->
        <test-method signature="TC_AUTH_008_NonCollectorEmployee()[pri:8, instance:com.electricity.tests.AuthTest@36bc55de]" started-at="2026-03-26T16:46:09 IST" name="TC_AUTH_008_NonCollectorEmployee" description="Non-collector employee should return 401" finished-at="2026-03-26T16:46:09 IST" duration-ms="335" status="PASS">
          <reporter-output>
          </reporter-output>
        </test-method> <!-- TC_AUTH_008_NonCollectorEmployee -->
        <test-method is-config="true" signature="afterMethod(org.testng.ITestResult)[pri:0, instance:com.electricity.tests.AuthTest@36bc55de]" started-at="2026-03-26T16:46:09 IST" name="afterMethod" finished-at="2026-03-26T16:46:09 IST" duration-ms="1" status="PASS">
          <params>
            <param index="0">
              <value>
                <![CDATA[[TestResult name=TC_AUTH_008_NonCollectorEmployee status=SUCCESS method=AuthTest.TC_AUTH_008_NonCollectorEmployee()[pri:8, instance:com.electricity.tests.AuthTest@36bc55de] output={null}]]]>
              </value>
            </param>
          </params>
          <reporter-output>
          </reporter-output>
        </test-method> <!-- afterMethod -->
        <test-method is-config="true" signature="beforeMethod(java.lang.reflect.Method)[pri:0, instance:com.electricity.tests.AuthTest@36bc55de]" started-at="2026-03-26T16:46:09 IST" name="beforeMethod" finished-at="2026-03-26T16:46:09 IST" duration-ms="1" status="PASS">
          <params>
            <param index="0">
              <value>
                <![CDATA[public void com.electricity.tests.AuthTest.TC_AUTH_009_ValidChangePassword()]]>
              </value>
            </param>
          </params>
          <reporter-output>
          </reporter-output>
        </test-method> <!-- beforeMethod -->
        <test-method signature="TC_AUTH_009_ValidChangePassword()[pri:9, instance:com.electricity.tests.AuthTest@36bc55de]" started-at="2026-03-26T16:46:09 IST" name="TC_AUTH_009_ValidChangePassword" description="Valid old + new password should return 200 success" finished-at="2026-03-26T16:46:09 IST" duration-ms="536" status="PASS">
          <reporter-output>
          </reporter-output>
        </test-method> <!-- TC_AUTH_009_ValidChangePassword -->
        <test-method is-config="true" signature="afterMethod(org.testng.ITestResult)[pri:0, instance:com.electricity.tests.AuthTest@36bc55de]" started-at="2026-03-26T16:46:09 IST" name="afterMethod" finished-at="2026-03-26T16:46:09 IST" duration-ms="1" status="PASS">
          <params>
            <param index="0">
              <value>
                <![CDATA[[TestResult name=TC_AUTH_009_ValidChangePassword status=SUCCESS method=AuthTest.TC_AUTH_009_ValidChangePassword()[pri:9, instance:com.electricity.tests.AuthTest@36bc55de] output={null}]]]>
              </value>
            </param>
          </params>
          <reporter-output>
          </reporter-output>
        </test-method> <!-- afterMethod -->
        <test-method is-config="true" signature="beforeMethod(java.lang.reflect.Method)[pri:0, instance:com.electricity.tests.AuthTest@36bc55de]" started-at="2026-03-26T16:46:09 IST" name="beforeMethod" finished-at="2026-03-26T16:46:09 IST" duration-ms="2" status="PASS">
          <params>
            <param index="0">
              <value>
                <![CDATA[public void com.electricity.tests.AuthTest.TC_AUTH_010_WrongOldPassword()]]>
              </value>
            </param>
          </params>
          <reporter-output>
          </reporter-output>
        </test-method> <!-- beforeMethod -->
        <test-method signature="TC_AUTH_010_WrongOldPassword()[pri:10, instance:com.electricity.tests.AuthTest@36bc55de]" started-at="2026-03-26T16:46:09 IST" name="TC_AUTH_010_WrongOldPassword" description="Wrong old password should return 401" finished-at="2026-03-26T16:46:10 IST" duration-ms="397" status="PASS">
          <reporter-output>
          </reporter-output>
        </test-method> <!-- TC_AUTH_010_WrongOldPassword -->
        <test-method is-config="true" signature="afterMethod(org.testng.ITestResult)[pri:0, instance:com.electricity.tests.AuthTest@36bc55de]" started-at="2026-03-26T16:46:10 IST" name="afterMethod" finished-at="2026-03-26T16:46:10 IST" duration-ms="1" status="PASS">
          <params>
            <param index="0">
              <value>
                <![CDATA[[TestResult name=TC_AUTH_010_WrongOldPassword status=SUCCESS method=AuthTest.TC_AUTH_010_WrongOldPassword()[pri:10, instance:com.electricity.tests.AuthTest@36bc55de] output={null}]]]>
              </value>
            </param>
          </params>
          <reporter-output>
          </reporter-output>
        </test-method> <!-- afterMethod -->
        <test-method is-config="true" signature="beforeMethod(java.lang.reflect.Method)[pri:0, instance:com.electricity.tests.AuthTest@36bc55de]" started-at="2026-03-26T16:46:10 IST" name="beforeMethod" finished-at="2026-03-26T16:46:10 IST" duration-ms="1" status="PASS">
          <params>
            <param index="0">
              <value>
                <![CDATA[public void com.electricity.tests.AuthTest.TC_AUTH_011_ShortNewPassword()]]>
              </value>
            </param>
          </params>
          <reporter-output>
          </reporter-output>
        </test-method> <!-- beforeMethod -->
        <test-method signature="TC_AUTH_011_ShortNewPassword()[pri:11, instance:com.electricity.tests.AuthTest@36bc55de]" started-at="2026-03-26T16:46:10 IST" name="TC_AUTH_011_ShortNewPassword" description="New password &lt; 6 chars should return 400" finished-at="2026-03-26T16:46:10 IST" duration-ms="321" status="PASS">
          <reporter-output>
          </reporter-output>
        </test-method> <!-- TC_AUTH_011_ShortNewPassword -->
        <test-method is-config="true" signature="afterMethod(org.testng.ITestResult)[pri:0, instance:com.electricity.tests.AuthTest@36bc55de]" started-at="2026-03-26T16:46:10 IST" name="afterMethod" finished-at="2026-03-26T16:46:10 IST" duration-ms="1" status="PASS">
          <params>
            <param index="0">
              <value>
                <![CDATA[[TestResult name=TC_AUTH_011_ShortNewPassword status=SUCCESS method=AuthTest.TC_AUTH_011_ShortNewPassword()[pri:11, instance:com.electricity.tests.AuthTest@36bc55de] output={null}]]]>
              </value>
            </param>
          </params>
          <reporter-output>
          </reporter-output>
        </test-method> <!-- afterMethod -->
        <test-method is-config="true" signature="beforeMethod(java.lang.reflect.Method)[pri:0, instance:com.electricity.tests.AuthTest@36bc55de]" started-at="2026-03-26T16:46:10 IST" name="beforeMethod" finished-at="2026-03-26T16:46:10 IST" duration-ms="2" status="PASS">
          <params>
            <param index="0">
              <value>
                <![CDATA[public void com.electricity.tests.AuthTest.TC_AUTH_012_MissingOldPassword()]]>
              </value>
            </param>
          </params>
          <reporter-output>
          </reporter-output>
        </test-method> <!-- beforeMethod -->
        <test-method signature="TC_AUTH_012_MissingOldPassword()[pri:12, instance:com.electricity.tests.AuthTest@36bc55de]" started-at="2026-03-26T16:46:10 IST" name="TC_AUTH_012_MissingOldPassword" description="Missing old_password field should return 400" finished-at="2026-03-26T16:46:11 IST" duration-ms="353" status="PASS">
          <reporter-output>
          </reporter-output>
        </test-method> <!-- TC_AUTH_012_MissingOldPassword -->
        <test-method is-config="true" signature="afterMethod(org.testng.ITestResult)[pri:0, instance:com.electricity.tests.AuthTest@36bc55de]" started-at="2026-03-26T16:46:11 IST" name="afterMethod" finished-at="2026-03-26T16:46:11 IST" duration-ms="2" status="PASS">
          <params>
            <param index="0">
              <value>
                <![CDATA[[TestResult name=TC_AUTH_012_MissingOldPassword status=SUCCESS method=AuthTest.TC_AUTH_012_MissingOldPassword()[pri:12, instance:com.electricity.tests.AuthTest@36bc55de] output={null}]]]>
              </value>
            </param>
          </params>
          <reporter-output>
          </reporter-output>
        </test-method> <!-- afterMethod -->
        <test-method is-config="true" signature="beforeMethod(java.lang.reflect.Method)[pri:0, instance:com.electricity.tests.AuthTest@36bc55de]" started-at="2026-03-26T16:46:11 IST" name="beforeMethod" finished-at="2026-03-26T16:46:11 IST" duration-ms="2" status="PASS">
          <params>
            <param index="0">
              <value>
                <![CDATA[public void com.electricity.tests.AuthTest.TC_AUTH_013_MissingNewPassword()]]>
              </value>
            </param>
          </params>
          <reporter-output>
          </reporter-output>
        </test-method> <!-- beforeMethod -->
        <test-method signature="TC_AUTH_013_MissingNewPassword()[pri:13, instance:com.electricity.tests.AuthTest@36bc55de]" started-at="2026-03-26T16:46:11 IST" name="TC_AUTH_013_MissingNewPassword" description="Missing new_password field should return 400" finished-at="2026-03-26T16:46:11 IST" duration-ms="340" status="PASS">
          <reporter-output>
          </reporter-output>
        </test-method> <!-- TC_AUTH_013_MissingNewPassword -->
        <test-method is-config="true" signature="afterMethod(org.testng.ITestResult)[pri:0, instance:com.electricity.tests.AuthTest@36bc55de]" started-at="2026-03-26T16:46:11 IST" name="afterMethod" finished-at="2026-03-26T16:46:11 IST" duration-ms="1" status="PASS">
          <params>
            <param index="0">
              <value>
                <![CDATA[[TestResult name=TC_AUTH_013_MissingNewPassword status=SUCCESS method=AuthTest.TC_AUTH_013_MissingNewPassword()[pri:13, instance:com.electricity.tests.AuthTest@36bc55de] output={null}]]]>
              </value>
            </param>
          </params>
          <reporter-output>
          </reporter-output>
        </test-method> <!-- afterMethod -->
        <test-method is-config="true" signature="beforeMethod(java.lang.reflect.Method)[pri:0, instance:com.electricity.tests.AuthTest@36bc55de]" started-at="2026-03-26T16:46:11 IST" name="beforeMethod" finished-at="2026-03-26T16:46:11 IST" duration-ms="2" status="PASS">
          <params>
            <param index="0">
              <value>
                <![CDATA[public void com.electricity.tests.AuthTest.TC_AUTH_014_EmptyOldPassword()]]>
              </value>
            </param>
          </params>
          <reporter-output>
          </reporter-output>
        </test-method> <!-- beforeMethod -->
        <test-method signature="TC_AUTH_014_EmptyOldPassword()[pri:14, instance:com.electricity.tests.AuthTest@36bc55de]" started-at="2026-03-26T16:46:11 IST" name="TC_AUTH_014_EmptyOldPassword" description="Empty old_password value should return 400" finished-at="2026-03-26T16:46:11 IST" duration-ms="366" status="PASS">
          <reporter-output>
          </reporter-output>
        </test-method> <!-- TC_AUTH_014_EmptyOldPassword -->
        <test-method is-config="true" signature="afterMethod(org.testng.ITestResult)[pri:0, instance:com.electricity.tests.AuthTest@36bc55de]" started-at="2026-03-26T16:46:11 IST" name="afterMethod" finished-at="2026-03-26T16:46:11 IST" duration-ms="2" status="PASS">
          <params>
            <param index="0">
              <value>
                <![CDATA[[TestResult name=TC_AUTH_014_EmptyOldPassword status=SUCCESS method=AuthTest.TC_AUTH_014_EmptyOldPassword()[pri:14, instance:com.electricity.tests.AuthTest@36bc55de] output={null}]]]>
              </value>
            </param>
          </params>
          <reporter-output>
          </reporter-output>
        </test-method> <!-- afterMethod -->
        <test-method is-config="true" signature="beforeMethod(java.lang.reflect.Method)[pri:0, instance:com.electricity.tests.AuthTest@36bc55de]" started-at="2026-03-26T16:46:11 IST" name="beforeMethod" finished-at="2026-03-26T16:46:11 IST" duration-ms="1" status="PASS">
          <params>
            <param index="0">
              <value>
                <![CDATA[public void com.electricity.tests.AuthTest.TC_AUTH_015_EmptyNewPassword()]]>
              </value>
            </param>
          </params>
          <reporter-output>
          </reporter-output>
        </test-method> <!-- beforeMethod -->
        <test-method signature="TC_AUTH_015_EmptyNewPassword()[pri:15, instance:com.electricity.tests.AuthTest@36bc55de]" started-at="2026-03-26T16:46:11 IST" name="TC_AUTH_015_EmptyNewPassword" description="Empty new_password value should return 400" finished-at="2026-03-26T16:46:12 IST" duration-ms="332" status="PASS">
          <reporter-output>
          </reporter-output>
        </test-method> <!-- TC_AUTH_015_EmptyNewPassword -->
        <test-method is-config="true" signature="afterMethod(org.testng.ITestResult)[pri:0, instance:com.electricity.tests.AuthTest@36bc55de]" started-at="2026-03-26T16:46:12 IST" name="afterMethod" finished-at="2026-03-26T16:46:12 IST" duration-ms="3" status="PASS">
          <params>
            <param index="0">
              <value>
                <![CDATA[[TestResult name=TC_AUTH_015_EmptyNewPassword status=SUCCESS method=AuthTest.TC_AUTH_015_EmptyNewPassword()[pri:15, instance:com.electricity.tests.AuthTest@36bc55de] output={null}]]]>
              </value>
            </param>
          </params>
          <reporter-output>
          </reporter-output>
        </test-method> <!-- afterMethod -->
      </class> <!-- com.electricity.tests.AuthTest -->
    </test> <!-- 1. Authentication Tests -->
    <test started-at="2026-03-26T16:46:12 IST" name="2. Collector Tests" finished-at="2026-03-26T16:46:19 IST" duration-ms="7497">
      <class name="com.electricity.tests.CollectorTest">
        <test-method is-config="true" signature="beforeMethod(java.lang.reflect.Method)[pri:0, instance:com.electricity.tests.CollectorTest@235834f2]" started-at="2026-03-26T16:46:12 IST" name="beforeMethod" finished-at="2026-03-26T16:46:12 IST" duration-ms="1" status="PASS">
          <params>
            <param index="0">
              <value>
                <![CDATA[public void com.electricity.tests.CollectorTest.TC_CUST_001_GetAllCustomers()]]>
              </value>
            </param>
          </params>
          <reporter-output>
          </reporter-output>
        </test-method> <!-- beforeMethod -->
        <test-method signature="TC_CUST_001_GetAllCustomers()[pri:1, instance:com.electricity.tests.CollectorTest@235834f2]" started-at="2026-03-26T16:46:12 IST" name="TC_CUST_001_GetAllCustomers" description="employee_id only — should return all assigned customers with 200" finished-at="2026-03-26T16:46:12 IST" duration-ms="520" status="PASS">
          <reporter-output>
          </reporter-output>
        </test-method> <!-- TC_CUST_001_GetAllCustomers -->
        <test-method is-config="true" signature="afterMethod(org.testng.ITestResult)[pri:0, instance:com.electricity.tests.CollectorTest@235834f2]" started-at="2026-03-26T16:46:12 IST" name="afterMethod" finished-at="2026-03-26T16:46:12 IST" duration-ms="1" status="PASS">
          <params>
            <param index="0">
              <value>
                <![CDATA[[TestResult name=TC_CUST_001_GetAllCustomers status=SUCCESS method=CollectorTest.TC_CUST_001_GetAllCustomers()[pri:1, instance:com.electricity.tests.CollectorTest@235834f2] output={null}]]]>
              </value>
            </param>
          </params>
          <reporter-output>
          </reporter-output>
        </test-method> <!-- afterMethod -->
        <test-method is-config="true" signature="beforeMethod(java.lang.reflect.Method)[pri:0, instance:com.electricity.tests.CollectorTest@235834f2]" started-at="2026-03-26T16:46:12 IST" name="beforeMethod" finished-at="2026-03-26T16:46:12 IST" duration-ms="1" status="PASS">
          <params>
            <param index="0">
              <value>
                <![CDATA[public void com.electricity.tests.CollectorTest.TC_CUST_002_FilterByZone()]]>
              </value>
            </param>
          </params>
          <reporter-output>
          </reporter-output>
        </test-method> <!-- beforeMethod -->
        <test-method signature="TC_CUST_002_FilterByZone()[pri:2, instance:com.electricity.tests.CollectorTest@235834f2]" started-at="2026-03-26T16:46:12 IST" name="TC_CUST_002_FilterByZone" description="zone_id provided — should return zone-filtered customers with 200" finished-at="2026-03-26T16:46:13 IST" duration-ms="490" status="PASS">
          <reporter-output>
          </reporter-output>
        </test-method> <!-- TC_CUST_002_FilterByZone -->
        <test-method is-config="true" signature="afterMethod(org.testng.ITestResult)[pri:0, instance:com.electricity.tests.CollectorTest@235834f2]" started-at="2026-03-26T16:46:13 IST" name="afterMethod" finished-at="2026-03-26T16:46:13 IST" duration-ms="1" status="PASS">
          <params>
            <param index="0">
              <value>
                <![CDATA[[TestResult name=TC_CUST_002_FilterByZone status=SUCCESS method=CollectorTest.TC_CUST_002_FilterByZone()[pri:2, instance:com.electricity.tests.CollectorTest@235834f2] output={null}]]]>
              </value>
            </param>
          </params>
          <reporter-output>
          </reporter-output>
        </test-method> <!-- afterMethod -->
        <test-method is-config="true" signature="beforeMethod(java.lang.reflect.Method)[pri:0, instance:com.electricity.tests.CollectorTest@235834f2]" started-at="2026-03-26T16:46:13 IST" name="beforeMethod" finished-at="2026-03-26T16:46:13 IST" duration-ms="0" status="PASS">
          <params>
            <param index="0">
              <value>
                <![CDATA[public void com.electricity.tests.CollectorTest.TC_CUST_003_FilterBySubZone()]]>
[...]
      <class name="com.electricity.tests.DiscountTest">
        <test-method is-config="true" signature="suiteSetup()[pri:0, instance:com.electricity.tests.DiscountTest@7dcf94f8]" started-at="2026-03-26T16:46:02 IST" name="suiteSetup" finished-at="2026-03-26T16:46:03 IST" duration-ms="965" status="PASS">
          <reporter-output>
          </reporter-output>
        </test-method> <!-- suiteSetup -->
        <test-method is-config="true" signature="beforeMethod(java.lang.reflect.Method)[pri:0, instance:com.electricity.tests.DiscountTest@7dcf94f8]" started-at="2026-03-26T16:46:46 IST" name="beforeMethod" finished-at="2026-03-26T16:46:46 IST" duration-ms="1" status="PASS">
          <params>
            <param index="0">
              <value>
                <![CDATA[public void com.electricity.tests.DiscountTest.TC_DISC_001_GetDiscountReasons()]]>
              </value>
            </param>
          </params>
          <reporter-output>
          </reporter-output>
        </test-method> <!-- beforeMethod -->
        <test-method signature="TC_DISC_001_GetDiscountReasons()[pri:1, instance:com.electricity.tests.DiscountTest@7dcf94f8]" started-at="2026-03-26T16:46:46 IST" name="TC_DISC_001_GetDiscountReasons" description="Get discount reasons with employee_id only should return 200" finished-at="2026-03-26T16:46:47 IST" duration-ms="311" status="PASS">
          <reporter-output>
          </reporter-output>
        </test-method> <!-- TC_DISC_001_GetDiscountReasons -->
        <test-method is-config="true" signature="afterMethod(org.testng.ITestResult)[pri:0, instance:com.electricity.tests.DiscountTest@7dcf94f8]" started-at="2026-03-26T16:46:47 IST" name="afterMethod" finished-at="2026-03-26T16:46:47 IST" duration-ms="1" status="PASS">
          <params>
            <param index="0">
              <value>
                <![CDATA[[TestResult name=TC_DISC_001_GetDiscountReasons status=SUCCESS method=DiscountTest.TC_DISC_001_GetDiscountReasons()[pri:1, instance:com.electricity.tests.DiscountTest@7dcf94f8] output={null}]]]>
              </value>
            </param>
          </params>
          <reporter-output>
          </reporter-output>
        </test-method> <!-- afterMethod -->
        <test-method is-config="true" signature="beforeMethod(java.lang.reflect.Method)[pri:0, instance:com.electricity.tests.DiscountTest@7dcf94f8]" started-at="2026-03-26T16:46:47 IST" name="beforeMethod" finished-at="2026-03-26T16:46:47 IST" duration-ms="1" status="PASS">
          <params>
            <param index="0">
              <value>
                <![CDATA[public void com.electricity.tests.DiscountTest.TC_DISC_002_GetDiscountReasonsWithReason()]]>
              </value>
            </param>
          </params>
          <reporter-output>
          </reporter-output>
        </test-method> <!-- beforeMethod -->
        <test-method signature="TC_DISC_002_GetDiscountReasonsWithReason()[pri:2, instance:com.electricity.tests.DiscountTest@7dcf94f8]" started-at="2026-03-26T16:46:47 IST" name="TC_DISC_002_GetDiscountReasonsWithReason" description="Get discount reasons with resason should return 200" finished-at="2026-03-26T16:46:47 IST" duration-ms="330" status="PASS">
          <reporter-output>
          </reporter-output>
        </test-method> <!-- TC_DISC_002_GetDiscountReasonsWithReason -->
        <test-method is-config="true" signature="afterMethod(org.testng.ITestResult)[pri:0, instance:com.electricity.tests.DiscountTest@7dcf94f8]" started-at="2026-03-26T16:46:47 IST" name="afterMethod" finished-at="2026-03-26T16:46:47 IST" duration-ms="0" status="PASS">
          <params>
            <param index="0">
              <value>
                <![CDATA[[TestResult name=TC_DISC_002_GetDiscountReasonsWithReason status=SUCCESS method=DiscountTest.TC_DISC_002_GetDiscountReasonsWithReason()[pri:2, instance:com.electricity.tests.DiscountTest@7dcf94f8] output={null}]]]>
              </value>
            </param>
          </params>
          <reporter-output>
          </reporter-output>
        </test-method> <!-- afterMethod -->
        <test-method signature="TC_DISC_003_GetDiscountReasonsWithActive()[pri:3, instance:com.electricity.tests.DiscountTest@7dcf94f8]" started-at="2026-03-26T16:46:47 IST" name="TC_DISC_003_GetDiscountReasonsWithActive" description="Get discount reasons with active  should return 200" finished-at="2026-03-26T16:46:47 IST" duration-ms="301" status="PASS">
          <reporter-output>
          </reporter-output>
        </test-method> <!-- TC_DISC_003_GetDiscountReasonsWithActive -->
        <test-method is-config="true" signature="beforeMethod(java.lang.reflect.Method)[pri:0, instance:com.electricity.tests.DiscountTest@7dcf94f8]" started-at="2026-03-26T16:46:47 IST" name="beforeMethod" finished-at="2026-03-26T16:46:47 IST" duration-ms="0" status="PASS">
          <params>
            <param index="0">
              <value>
                <![CDATA[public void com.electricity.tests.DiscountTest.TC_DISC_003_GetDiscountReasonsWithActive()]]>
              </value>
            </param>
          </params>
          <reporter-output>
          </reporter-output>
        </test-method> <!-- beforeMethod -->
        <test-method is-config="true" signature="afterMethod(org.testng.ITestResult)[pri:0, instance:com.electricity.tests.DiscountTest@7dcf94f8]" started-at="2026-03-26T16:46:47 IST" name="afterMethod" finished-at="2026-03-26T16:46:47 IST" duration-ms="0" status="PASS">
          <params>
            <param index="0">
              <value>
                <![CDATA[[TestResult name=TC_DISC_003_GetDiscountReasonsWithActive status=SUCCESS method=DiscountTest.TC_DISC_003_GetDiscountReasonsWithActive()[pri:3, instance:com.electricity.tests.DiscountTest@7dcf94f8] output={null}]]]>
              </value>
            </param>
          </params>
          <reporter-output>
          </reporter-output>
        </test-method> <!-- afterMethod -->
        <test-method signature="TC_DISC_004_GetDiscountReasonsWithComapnyId()[pri:4, instance:com.electricity.tests.DiscountTest@7dcf94f8]" started-at="2026-03-26T16:46:47 IST" name="TC_DISC_004_GetDiscountReasonsWithComapnyId" description="Get discount reasons with company id should return 200" finished-at="2026-03-26T16:46:47 IST" duration-ms="292" status="PASS">
          <reporter-output>
          </reporter-output>
        </test-method> <!-- TC_DISC_004_GetDiscountReasonsWithComapnyId -->
        <test-method is-config="true" signature="beforeMethod(java.lang.reflect.Method)[pri:0, instance:com.electricity.tests.DiscountTest@7dcf94f8]" started-at="2026-03-26T16:46:47 IST" name="beforeMethod" finished-at="2026-03-26T16:46:47 IST" duration-ms="0" status="PASS">
          <params>
            <param index="0">
              <value>
                <![CDATA[public void com.electricity.tests.DiscountTest.TC_DISC_004_GetDiscountReasonsWithComapnyId()]]>
              </value>
            </param>
          </params>
          <reporter-output>
          </reporter-output>
        </test-method> <!-- beforeMethod -->
        <test-method is-config="true" signature="afterMethod(org.testng.ITestResult)[pri:0, instance:com.electricity.tests.DiscountTest@7dcf94f8]" started-at="2026-03-26T16:46:47 IST" name="afterMethod" finished-at="2026-03-26T16:46:47 IST" duration-ms="2" status="PASS">
          <params>
            <param index="0">
              <value>
                <![CDATA[[TestResult name=TC_DISC_004_GetDiscountReasonsWithComapnyId status=SUCCESS method=DiscountTest.TC_DISC_004_GetDiscountReasonsWithComapnyId()[pri:4, instance:com.electricity.tests.DiscountTest@7dcf94f8] output={null}]]]>
              </value>
            </param>
          </params>
          <reporter-output>
          </reporter-output>
        </test-method> <!-- afterMethod -->
        <test-method signature="TC_DISC_005_GetDiscountReasonsWithLimitAndOffset()[pri:5, instance:com.electricity.tests.DiscountTest@7dcf94f8]" started-at="2026-03-26T16:46:47 IST" name="TC_DISC_005_GetDiscountReasonsWithLimitAndOffset" description="Get discount reasons with limit and offset should return 200" finished-at="2026-03-26T16:46:48 IST" duration-ms="312" status="PASS">
          <reporter-output>
          </reporter-output>
        </test-method> <!-- TC_DISC_005_GetDiscountReasonsWithLimitAndOffset -->
        <test-method is-config="true" signature="beforeMethod(java.lang.reflect.Method)[pri:0, instance:com.electricity.tests.DiscountTest@7dcf94f8]" started-at="2026-03-26T16:46:47 IST" name="beforeMethod" finished-at="2026-03-26T16:46:47 IST" duration-ms="0" status="PASS">
          <params>
            <param index="0">
              <value>
                <![CDATA[public void com.electricity.tests.DiscountTest.TC_DISC_005_GetDiscountReasonsWithLimitAndOffset()]]>
              </value>
            </param>
          </params>
          <reporter-output>
          </reporter-output>
        </test-method> <!-- beforeMethod -->
        <test-method is-config="true" signature="afterMethod(org.testng.ITestResult)[pri:0, instance:com.electricity.tests.DiscountTest@7dcf94f8]" started-at="2026-03-26T16:46:48 IST" name="afterMethod" finished-at="2026-03-26T16:46:48 IST" duration-ms="0" status="PASS">
          <params>
            <param index="0">
              <value>
                <![CDATA[[TestResult name=TC_DISC_005_GetDiscountReasonsWithLimitAndOffset status=SUCCESS method=DiscountTest.TC_DISC_005_GetDiscountReasonsWithLimitAndOffset()[pri:5, instance:com.electricity.tests.DiscountTest@7dcf94f8] output={null}]]]>
              </value>
            </param>
          </params>
          <reporter-output>
          </reporter-output>
        </test-method> <!-- afterMethod -->
        <test-method signature="TC_DISC_006_GetDiscountApproversWithvalidAmount()[pri:6, instance:com.electricity.tests.DiscountTest@7dcf94f8]" started-at="2026-03-26T16:46:48 IST" name="TC_DISC_006_GetDiscountApproversWithvalidAmount" description="Get discount approvers with discount= should return 200" finished-at="2026-03-26T16:46:48 IST" duration-ms="303" status="PASS">
          <reporter-output>
          </reporter-output>
        </test-method> <!-- TC_DISC_006_GetDiscountApproversWithvalidAmount -->
        <test-method is-config="true" signature="beforeMethod(java.lang.reflect.Method)[pri:0, instance:com.electricity.tests.DiscountTest@7dcf94f8]" started-at="2026-03-26T16:46:48 IST" name="beforeMethod" finished-at="2026-03-26T16:46:48 IST" duration-ms="0" status="PASS">
          <params>
            <param index="0">
              <value>
                <![CDATA[public void com.electricity.tests.DiscountTest.TC_DISC_006_GetDiscountApproversWithvalidAmount()]]>
              </value>
            </param>
          </params>
          <reporter-output>
          </reporter-output>
        </test-method> <!-- beforeMethod -->
        <test-method is-config="true" signature="afterMethod(org.testng.ITestResult)[pri:0, instance:com.electricity.tests.DiscountTest@7dcf94f8]" started-at="2026-03-26T16:46:48 IST" name="afterMethod" finished-at="2026-03-26T16:46:48 IST" duration-ms="1" status="PASS">
          <params>
            <param index="0">
              <value>
                <![CDATA[[TestResult name=TC_DISC_006_GetDiscountApproversWithvalidAmount status=SUCCESS method=DiscountTest.TC_DISC_006_GetDiscountApproversWithvalidAmount()[pri:6, instance:com.electricity.tests.DiscountTest@7dcf94f8] output={null}]]]>
              </value>
            </param>
          </params>
          <reporter-output>
          </reporter-output>
        </test-method> <!-- afterMethod -->
        <test-method signature="TC_DISC_007_GetDiscountApproversWithInvalidAmount()[pri:7, instance:com.electricity.tests.DiscountTest@7dcf94f8]" started-at="2026-03-26T16:46:48 IST" name="TC_DISC_007_GetDiscountApproversWithInvalidAmount" description="Get discount approvers with employee_id only should return 200" finished-at="2026-03-26T16:46:48 IST" duration-ms="296" status="PASS">
          <reporter-output>
          </reporter-output>
        </test-method> <!-- TC_DISC_007_GetDiscountApproversWithInvalidAmount -->
        <test-method is-config="true" signature="beforeMethod(java.lang.reflect.Method)[pri:0, instance:com.electricity.tests.DiscountTest@7dcf94f8]" started-at="2026-03-26T16:46:48 IST" name="beforeMethod" finished-at="2026-03-26T16:46:48 IST" duration-ms="0" status="PASS">
          <params>
            <param index="0">
              <value>
                <![CDATA[public void com.electricity.tests.DiscountTest.TC_DISC_007_GetDiscountApproversWithInvalidAmount()]]>
              </value>
            </param>
          </params>
          <reporter-output>
          </reporter-output>
        </test-method> <!-- beforeMethod -->
        <test-method is-config="true" signature="afterMethod(org.testng.ITestResult)[pri:0, instance:com.electricity.tests.DiscountTest@7dcf94f8]" started-at="2026-03-26T16:46:48 IST" name="afterMethod" finished-at="2026-03-26T16:46:48 IST" duration-ms="1" status="PASS">
          <params>
            <param index="0">
              <value>
                <![CDATA[[TestResult name=TC_DISC_007_GetDiscountApproversWithInvalidAmount status=SUCCESS method=DiscountTest.TC_DISC_007_GetDiscountApproversWithInvalidAmount()[pri:7, instance:com.electricity.tests.DiscountTest@7dcf94f8] output={null}]]]>
              </value>
            </param>
          </params>
          <reporter-output>
          </reporter-output>
        </test-method> <!-- afterMethod -->
        <test-method is-config="true" signature="beforeMethod(java.lang.reflect.Method)[pri:0, instance:com.electricity.tests.DiscountTest@7dcf94f8]" started-at="2026-03-26T16:46:48 IST" name="beforeMethod" finished-at="2026-03-26T16:46:48 IST" duration-ms="1" status="PASS">
          <params>
            <param index="0">
              <value>
                <![CDATA[public void com.electricity.tests.DiscountTest.TC_DISC_008_GetDiscountApproversZeroDiscount()]]>
              </value>
            </param>
          </params>
          <reporter-output>
          </reporter-output>
        </test-method> <!-- beforeMethod -->
        <test-method signature="TC_DISC_008_GetDiscountApproversZeroDiscount()[pri:8, instance:com.electricity.tests.DiscountTest@7dcf94f8]" started-at="2026-03-26T16:46:48 IST" name="TC_DISC_008_GetDiscountApproversZeroDiscount" description="Get discount approvers with discount=0.0 should return 400 or empty list" finished-at="2026-03-26T16:46:49 IST" duration-ms="296" status="PASS">
          <reporter-output>
          </reporter-output>
        </test-method> <!-- TC_DISC_008_GetDiscountApproversZeroDiscount -->
        <test-method is-config="true" signature="afterMethod(org.testng.ITestResult)[pri:0, instance:com.electricity.tests.DiscountTest@7dcf94f8]" started-at="2026-03-26T16:46:49 IST" name="afterMethod" finished-at="2026-03-26T16:46:49 IST" duration-ms="0" status="PASS">
          <params>
            <param index="0">
              <value>
                <![CDATA[[TestResult name=TC_DISC_008_GetDiscountApproversZeroDiscount status=SUCCESS method=DiscountTest.TC_DISC_008_GetDiscountApproversZeroDiscount()[pri:8, instance:com.electricity.tests.DiscountTest@7dcf94f8] output={null}]]]>
              </value>
            </param>
          </params>
          <reporter-output>
          </reporter-output>
        </test-method> <!-- afterMethod -->
        <test-method signature="TC_DISC_009_GetDiscountApproversNegativeDiscount()[pri:9, instance:com.electricity.tests.DiscountTest@7dcf94f8]" started-at="2026-03-26T16:46:49 IST" name="TC_DISC_009_GetDiscountApproversNegativeDiscount" description="Get discount approvers with discount=-1 should return 400 error" finished-at="2026-03-26T16:46:49 IST" duration-ms="344" status="PASS">
          <reporter-output>
          </reporter-output>
        </test-method> <!-- TC_DISC_009_GetDiscountApproversNegativeDiscount -->
        <test-method is-config="true" signature="beforeMethod(java.lang.reflect.Method)[pri:0, instance:com.electricity.tests.DiscountTest@7dcf94f8]" started-at="2026-03-26T16:46:49 IST" name="beforeMethod" finished-at="2026-03-26T16:46:49 IST" duration-ms="0" status="PASS">
          <params>
            <param index="0">
              <value>
                <![CDATA[public void com.electricity.tests.DiscountTest.TC_DISC_009_GetDiscountApproversNegativeDiscount()]]>
              </value>
            </param>
          </params>
          <reporter-output>
          </reporter-output>
        </test-method> <!-- beforeMethod -->
        <test-method is-config="true" signature="afterMethod(org.testng.ITestResult)[pri:0, instance:com.electricity.tests.DiscountTest@7dcf94f8]" started-at="2026-03-26T16:46:49 IST" name="afterMethod" finished-at="2026-03-26T16:46:49 IST" duration-ms="1" status="PASS">
          <params>
            <param index="0">
              <value>
                <![CDATA[[TestResult name=TC_DISC_009_GetDiscountApproversNegativeDiscount status=SUCCESS method=DiscountTest.TC_DISC_009_GetDiscountApproversNegativeDiscount()[pri:9, instance:com.electricity.tests.DiscountTest@7dcf94f8] output={null}]]]>
              </value>
            </param>
          </params>
          <reporter-output>
          </reporter-output>
        </test-method> <!-- afterMethod -->
        <test-method is-config="true" signature="beforeMethod(java.lang.reflect.Method)[pri:0, instance:com.electricity.tests.DiscountTest@7dcf94f8]" started-at="2026-03-26T16:46:49 IST" name="beforeMethod" finished-at="2026-03-26T16:46:49 IST" duration-ms="0" status="PASS">
          <params>
            <param index="0">
              <value>
                <![CDATA[public void com.electricity.tests.DiscountTest.TC_DISC_010_GetDiscountApproversOnlyEmployeeId()]]>
              </value>
            </param>
          </params>
          <reporter-output>
          </reporter-output>
        </test-method> <!-- beforeMethod -->
        <test-method signature="TC_DISC_010_GetDiscountApproversOnlyEmployeeId()[pri:10, instance:com.electricity.tests.DiscountTest@7dcf94f8]" started-at="2026-03-26T16:46:49 IST" name="TC_DISC_010_GetDiscountApproversOnlyEmployeeId" description="Get discount approvers with only employee_id should return 200" finished-at="2026-03-26T16:46:49 IST" duration-ms="334" status="PASS">
          <reporter-output>
          </reporter-output>
        </test-method> <!-- TC_DISC_010_GetDiscountApproversOnlyEmployeeId -->
        <test-method is-config="true" signature="afterMethod(org.testng.ITestResult)[pri:0, instance:com.electricity.tests.DiscountTest@7dcf94f8]" started-at="2026-03-26T16:46:49 IST" name="afterMethod" finished-at="2026-03-26T16:46:49 IST" duration-ms="1" status="PASS">
          <params>
            <param index="0">
              <value>
                <![CDATA[[TestResult name=TC_DISC_010_GetDiscountApproversOnlyEmployeeId status=SUCCESS method=DiscountTest.TC_DISC_010_GetDiscountApproversOnlyEmployeeId()[pri:10, instance:com.electricity.tests.DiscountTest@7dcf94f8] output={null}]]]>
              </value>
            </param>
          </params>
          <reporter-output>
          </reporter-output>
        </test-method> <!-- afterMethod -->
        <test-method is-config="true" signature="suiteTeardown()[pri:0, instance:com.electricity.tests.DiscountTest@7dcf94f8]" started-at="2026-03-26T16:46:49 IST" name="suiteTeardown" finished-at="2026-03-26T16:46:50 IST" duration-ms="626" status="PASS">
          <reporter-output>
          </reporter-output>
        </test-method> <!-- suiteTeardown -->
      </class> <!-- com.electricity.tests.DiscountTest -->
    </test> <!-- 6. Discount Tests -->
  </suite> <!-- Electricity Meter Billing — Full API Suite -->
</testng-results>
